Log file open, 03/30/20 18:18:01
LogWindows: Failed to load 'aqProf.dll' (GetLastError=126)
LogWindows: File 'aqProf.dll' does not exist
LogWindows: Failed to load 'VtuneApi.dll' (GetLastError=126)
LogWindows: File 'VtuneApi.dll' does not exist
LogWindows: Failed to load 'VtuneApi32e.dll' (GetLastError=126)
LogWindows: File 'VtuneApi32e.dll' does not exist
LogConsoleResponse: Display: Failed to find resolution value strings in scalability ini. Falling back to default.
LogInit: Display: Running engine for game: MotorsExam
LogPlatformFile: Not using cached read wrapper
LogTaskGraph: Started task graph with 5 named threads and 35 total threads with 3 sets of task threads.
LogStats: Stats thread started at 0.069597
LogD3D11RHI: Loaded GFSDK_Aftermath_Lib.x64.dll
LogICUInternationalization: ICU TimeZone Detection - Raw Offset: +1:00, Platform Override: ''
LogPluginManager: Mounting plugin Paper2D
LogPluginManager: Mounting plugin AISupport
LogPluginManager: Mounting plugin LightPropagationVolume
LogPluginManager: Mounting plugin ActorLayerUtilities
LogPluginManager: Mounting plugin AnimationSharing
LogPluginManager: Mounting plugin CLionSourceCodeAccess
LogPluginManager: Mounting plugin CodeLiteSourceCodeAccess
LogPluginManager: Mounting plugin GitSourceControl
LogPluginManager: Mounting plugin KDevelopSourceCodeAccess
LogPluginManager: Mounting plugin NullSourceCodeAccess
LogPluginManager: Mounting plugin PerforceSourceControl
LogPluginManager: Mounting plugin PlasticSourceControl
LogPluginManager: Mounting plugin SubversionSourceControl
LogPluginManager: Mounting plugin UObjectPlugin
LogPluginManager: Mounting plugin VisualStudioCodeSourceCodeAccess
LogPluginManager: Mounting plugin VisualStudioSourceCodeAccess
LogPluginManager: Mounting plugin XCodeSourceCodeAccess
LogPluginManager: Mounting plugin AssetManagerEditor
LogPluginManager: Mounting plugin CryptoKeys
LogPluginManager: Mounting plugin CurveEditorTools
LogPluginManager: Mounting plugin DataValidation
LogPluginManager: Mounting plugin FacialAnimation
LogPluginManager: Mounting plugin GameplayTagsEditor
LogPluginManager: Mounting plugin MacGraphicsSwitching
LogPluginManager: Mounting plugin MaterialAnalyzer
LogPluginManager: Mounting plugin MobileLauncherProfileWizard
LogPluginManager: Mounting plugin PluginBrowser
LogPluginManager: Mounting plugin SpeedTreeImporter
LogPluginManager: Mounting plugin DatasmithContent
LogPluginManager: Mounting plugin VariantManagerContent
LogPluginManager: Mounting plugin AlembicImporter
LogPluginManager: Mounting plugin AutomationUtils
LogPluginManager: Mounting plugin BackChannel
LogPluginManager: Mounting plugin CharacterAI
LogPluginManager: Mounting plugin GeometryCache
LogPluginManager: Mounting plugin PlatformCrypto
LogPluginManager: Mounting plugin ProxyLODPlugin
LogPluginManager: Mounting plugin SkeletalReduction
LogPluginManager: Mounting plugin MagicLeap
LogPluginManager: Mounting plugin MagicLeapMedia
LogPluginManager: Mounting plugin MLSDK
LogPluginManager: Mounting plugin AndroidMedia
LogPluginManager: Mounting plugin AvfMedia
LogPluginManager: Mounting plugin ImgMedia
LogPluginManager: Mounting plugin MediaCompositing
LogPluginManager: Mounting plugin MediaPlayerEditor
LogPluginManager: Mounting plugin WebMMedia
LogPluginManager: Mounting plugin WmfMedia
LogPluginManager: Mounting plugin TcpMessaging
LogPluginManager: Mounting plugin UdpMessaging
LogPluginManager: Mounting plugin ActorSequence
LogPluginManager: Mounting plugin LevelSequenceEditor
LogPluginManager: Mounting plugin MatineeToLevelSequence
LogPluginManager: Mounting plugin NetcodeUnitTest
LogPluginManager: Mounting plugin NUTUnrealEngine4
LogPluginManager: Mounting plugin OnlineSubsystemGooglePlay
LogPluginManager: Mounting plugin OnlineSubsystemIOS
LogPluginManager: Mounting plugin OnlineSubsystem
LogPluginManager: Mounting plugin OnlineSubsystemNull
LogPluginManager: Mounting plugin OnlineSubsystemUtils
LogPluginManager: Mounting plugin LauncherChunkInstaller
LogPluginManager: Mounting plugin AndroidDeviceProfileSelector
LogPluginManager: Mounting plugin AndroidMoviePlayer
LogPluginManager: Mounting plugin AndroidPermission
LogPluginManager: Mounting plugin AppleImageUtils
LogPluginManager: Mounting plugin AppleMoviePlayer
LogPluginManager: Mounting plugin ArchVisCharacter
LogPluginManager: Mounting plugin AssetTags
LogPluginManager: Mounting plugin AudioCapture
LogPluginManager: Mounting plugin CableComponent
LogPluginManager: Mounting plugin CustomMeshComponent
LogPluginManager: Mounting plugin EditableMesh
LogPluginManager: Mounting plugin ExampleDeviceProfileSelector
LogPluginManager: Mounting plugin GoogleCloudMessaging
LogPluginManager: Mounting plugin IOSDeviceProfileSelector
LogPluginManager: Mounting plugin LinuxDeviceProfileSelector
LogPluginManager: Mounting plugin LocationServicesBPLibrary
LogPluginManager: Mounting plugin MobilePatchingUtils
LogPluginManager: Mounting plugin OculusVR
LogPluginManager: Mounting plugin PhysXVehicles
LogPluginManager: Mounting plugin PostSplashScreen
LogPluginManager: Mounting plugin ProceduralMeshComponent
LogPluginManager: Mounting plugin RuntimePhysXCooking
LogPluginManager: Mounting plugin SignificanceManager
LogPluginManager: Mounting plugin SteamVR
LogPluginManager: Mounting plugin WebMMoviePlayer
LogPluginManager: Mounting plugin WindowsMoviePlayer
LogPluginManager: Mounting plugin ScreenshotTools
LogInit: Using libcurl 7.55.1-DEV
LogInit:  - built for x86_64-pc-win32
LogInit:  - supports SSL with OpenSSL/1.1.1
LogInit:  - supports HTTP deflate (compression) using libz 1.2.8
LogInit:  - other features:
LogInit:      CURL_VERSION_SSL
LogInit:      CURL_VERSION_LIBZ
LogInit:      CURL_VERSION_IPV6
LogInit:      CURL_VERSION_ASYNCHDNS
LogInit:      CURL_VERSION_LARGEFILE
LogInit:      CURL_VERSION_IDN
LogInit:  CurlRequestOptions (configurable via config and command line):
LogInit:  - bVerifyPeer = true  - Libcurl will verify peer certificate
LogInit:  - bUseHttpProxy = false  - Libcurl will NOT use HTTP proxy
LogInit:  - bDontReuseConnections = false  - Libcurl will reuse connections
LogInit:  - MaxHostConnections = 16  - Libcurl will limit the number of connections to a host
LogInit:  - LocalHostAddr = Default
LogInit:  - BufferSize = 65536
LogOnline: OSS: Creating online subsystem instance for: NULL
LogInit: WinSock: version 1.1 (2.2), MaxSocks=32767, MaxUdp=65467
LogOnline: OSS: TryLoadSubsystemAndSetDefault: Loaded subsystem for module [NULL]
LogInit: Build: ++UE4+Release-4.24-CL-10757647
LogInit: Engine Version: 4.24.1-10757647+++UE4+Release-4.24
LogInit: Compatible Engine Version: 4.24.0-10570792+++UE4+Release-4.24
LogInit: Net CL: 10570792
LogInit: OS: Windows 10 (Release 1809) (), CPU: AMD Ryzen 5 2600 Six-Core Processor            , GPU: NVIDIA GeForce GTX 1060 6GB
LogInit: Compiled (64-bit): Dec 17 2019 02:08:03
LogInit: Compiled with Visual C++: 19.16.27032.01
LogInit: Build Configuration: Development
LogInit: Branch Name: ++UE4+Release-4.24
LogInit: Command Line: 
LogInit: Base Directory: F:/Launchers/Epic Games/UE_4.24/Engine/Binaries/Win64/
LogInit: Installed Engine Build: 1
LogDevObjectVersion: Number of dev versions registered: 25
LogDevObjectVersion:   Dev-Blueprints (B0D832E4-1F89-4F0D-ACCF-7EB736FD4AA2): 10
LogDevObjectVersion:   Dev-Build (E1C64328-A22C-4D53-A36C-8E866417BD8C): 0
LogDevObjectVersion:   Dev-Core (375EC13C-06E4-48FB-B500-84F0262A717E): 3
LogDevObjectVersion:   Dev-Editor (E4B068ED-F494-42E9-A231-DA0B2E46BB41): 37
LogDevObjectVersion:   Dev-Framework (CFFC743F-43B0-4480-9391-14DF171D2073): 36
LogDevObjectVersion:   Dev-Mobile (B02B49B5-BB20-44E9-A304-32B752E40360): 2
LogDevObjectVersion:   Dev-Networking (A4E4105C-59A1-49B5-A7C5-40C4547EDFEE): 0
LogDevObjectVersion:   Dev-Online (39C831C9-5AE6-47DC-9A44-9C173E1C8E7C): 0
LogDevObjectVersion:   Dev-Physics (78F01B33-EBEA-4F98-B9B4-84EACCB95AA2): 2
LogDevObjectVersion:   Dev-Platform (6631380F-2D4D-43E0-8009-CF276956A95A): 0
LogDevObjectVersion:   Dev-Rendering (12F88B9F-8875-4AFC-A67C-D90C383ABD29): 36
LogDevObjectVersion:   Dev-Sequencer (7B5AE74C-D270-4C10-A958-57980B212A5A): 11
LogDevObjectVersion:   Dev-VR (D7296918-1DD6-4BDD-9DE2-64A83CC13884): 2
LogDevObjectVersion:   Dev-LoadTimes (C2A15278-BFE7-4AFE-6C17-90FF531DF755): 1
LogDevObjectVersion:   Private-Geometry (6EACA3D4-40EC-4CC1-B786-8BED09428FC5): 3
LogDevObjectVersion:   Dev-AnimPhys (29E575DD-E0A3-4627-9D10-D276232CDCEA): 17
LogDevObjectVersion:   Dev-Anim (AF43A65D-7FD3-4947-9873-3E8ED9C1BB05): 2
LogDevObjectVersion:   Dev-ReflectionCapture (6B266CEC-1EC7-4B8F-A30B-E4D90942FC07): 1
LogDevObjectVersion:   Dev-Automation (0DF73D61-A23F-47EA-B727-89E90C41499A): 1
LogDevObjectVersion:   FortniteMain (601D1886-AC64-4F84-AA16-D3DE0DEAC7D6): 31
LogDevObjectVersion:   Dev-Enterprise (9DFFBCD6-494F-0158-E221-12823C92A888): 8
LogDevObjectVersion:   Dev-Niagara (F2AED0AC-9AFE-416F-8664-AA7FFA26D6FC): 1
LogDevObjectVersion:   Dev-Destruction (174F1F0B-B4C6-45A5-B13F-2EE8D0FB917D): 9
LogDevObjectVersion:   Dev-Physics-Ext (35F94A83-E258-406C-A318-09F59610247C): 8
LogDevObjectVersion:   Dev-CineCamera (B2E18506-4273-CFC2-A54E-F4BB758BBA07): 1
LogInit: Presizing for max 25165824 objects, including 0 objects not considered by GC, pre-allocating 0 bytes for permanent pool.
LogInit: Object subsystem initialized
LogConfig: Setting CVar [[con.DebugEarlyDefault:1]]
LogConfig: Setting CVar [[r.setres:1280x720]]
[2020.03.30-16.18.01:343][  0]LogConfig: Setting CVar [[r.VSync:0]]
[2020.03.30-16.18.01:343][  0]LogConfig: Setting CVar [[r.RHICmdBypass:0]]
[2020.03.30-16.18.01:343][  0]LogConfig: Applying CVar settings from Section [/Script/Engine.RendererSettings] File [F:/Docs/Uni/3r/Motors/GitHubPractica/ExamenMotors/MotorsExam/Saved/Config/Windows/Engine.ini]
[2020.03.30-16.18.01:343][  0]LogConfig: Setting CVar [[r.GPUCrashDebugging:0]]
[2020.03.30-16.18.01:343][  0]LogConfig: Applying CVar settings from Section [/Script/Engine.RendererOverrideSettings] File [F:/Docs/Uni/3r/Motors/GitHubPractica/ExamenMotors/MotorsExam/Saved/Config/Windows/Engine.ini]
[2020.03.30-16.18.01:343][  0]LogConfig: Applying CVar settings from Section [/Script/Engine.StreamingSettings] File [F:/Docs/Uni/3r/Motors/GitHubPractica/ExamenMotors/MotorsExam/Saved/Config/Windows/Engine.ini]
[2020.03.30-16.18.01:343][  0]LogConfig: Setting CVar [[s.MinBulkDataSizeForAsyncLoading:131072]]
[2020.03.30-16.18.01:343][  0]LogConfig: Setting CVar [[s.AsyncLoadingThreadEnabled:0]]
[2020.03.30-16.18.01:343][  0]LogConfig: Setting CVar [[s.EventDrivenLoaderEnabled:1]]
[2020.03.30-16.18.01:343][  0]LogConfig: Setting CVar [[s.WarnIfTimeLimitExceeded:0]]
[2020.03.30-16.18.01:343][  0]LogConfig: Setting CVar [[s.TimeLimitExceededMultiplier:1.5]]
[2020.03.30-16.18.01:343][  0]LogConfig: Setting CVar [[s.TimeLimitExceededMinTime:0.005]]
[2020.03.30-16.18.01:343][  0]LogConfig: Setting CVar [[s.UseBackgroundLevelStreaming:1]]
[2020.03.30-16.18.01:343][  0]LogConfig: Setting CVar [[s.PriorityAsyncLoadingExtraTime:15.0]]
[2020.03.30-16.18.01:343][  0]LogConfig: Setting CVar [[s.LevelStreamingActorsUpdateTimeLimit:5.0]]
[2020.03.30-16.18.01:343][  0]LogConfig: Setting CVar [[s.PriorityLevelStreamingActorsUpdateExtraTime:5.0]]
[2020.03.30-16.18.01:343][  0]LogConfig: Setting CVar [[s.LevelStreamingComponentsRegistrationGranularity:10]]
[2020.03.30-16.18.01:343][  0]LogConfig: Setting CVar [[s.UnregisterComponentsTimeLimit:1.0]]
[2020.03.30-16.18.01:343][  0]LogConfig: Setting CVar [[s.LevelStreamingComponentsUnregistrationGranularity:5]]
[2020.03.30-16.18.01:343][  0]LogConfig: Setting CVar [[s.FlushStreamingOnExit:1]]
[2020.03.30-16.18.01:343][  0]LogConfig: Applying CVar settings from Section [/Script/Engine.GarbageCollectionSettings] File [F:/Docs/Uni/3r/Motors/GitHubPractica/ExamenMotors/MotorsExam/Saved/Config/Windows/Engine.ini]
[2020.03.30-16.18.01:343][  0]LogConfig: Setting CVar [[gc.MaxObjectsNotConsideredByGC:1]]
[2020.03.30-16.18.01:343][  0]LogConfig: Setting CVar [[gc.SizeOfPermanentObjectPool:0]]
[2020.03.30-16.18.01:343][  0]LogConfig: Setting CVar [[gc.FlushStreamingOnGC:0]]
[2020.03.30-16.18.01:343][  0]LogConfig: Setting CVar [[gc.NumRetriesBeforeForcingGC:10]]
[2020.03.30-16.18.01:343][  0]LogConfig: Setting CVar [[gc.AllowParallelGC:1]]
[2020.03.30-16.18.01:343][  0]LogConfig: Setting CVar [[gc.TimeBetweenPurgingPendingKillObjects:61.1]]
[2020.03.30-16.18.01:343][  0]LogConfig: Setting CVar [[gc.MaxObjectsInEditor:25165824]]
[2020.03.30-16.18.01:343][  0]LogConfig: Setting CVar [[gc.IncrementalBeginDestroyEnabled:1]]
[2020.03.30-16.18.01:343][  0]LogConfig: Setting CVar [[gc.CreateGCClusters:1]]
[2020.03.30-16.18.01:343][  0]LogConfig: Setting CVar [[gc.MinGCClusterSize:5]]
[2020.03.30-16.18.01:343][  0]LogConfig: Setting CVar [[gc.ActorClusteringEnabled:0]]
[2020.03.30-16.18.01:343][  0]LogConfig: Setting CVar [[gc.BlueprintClusteringEnabled:0]]
[2020.03.30-16.18.01:343][  0]LogConfig: Setting CVar [[gc.UseDisregardForGCOnDedicatedServers:0]]
[2020.03.30-16.18.01:343][  0]LogConfig: Applying CVar settings from Section [/Script/Engine.NetworkSettings] File [F:/Docs/Uni/3r/Motors/GitHubPractica/ExamenMotors/MotorsExam/Saved/Config/Windows/Engine.ini]
[2020.03.30-16.18.01:343][  0]LogConfig: Applying CVar settings from Section [/Script/UnrealEd.CookerSettings] File [F:/Docs/Uni/3r/Motors/GitHubPractica/ExamenMotors/MotorsExam/Saved/Config/Windows/Engine.ini]
[2020.03.30-16.18.01:348][  0]LogConfig: Applying CVar settings from Section [ViewDistanceQuality@3] File [F:/Docs/Uni/3r/Motors/GitHubPractica/ExamenMotors/MotorsExam/Saved/Config/Windows/Scalability.ini]
[2020.03.30-16.18.01:348][  0]LogConfig: Setting CVar [[r.SkeletalMeshLODBias:0]]
[2020.03.30-16.18.01:348][  0]LogConfig: Setting CVar [[r.ViewDistanceScale:1.0]]
[2020.03.30-16.18.01:348][  0]LogConfig: Applying CVar settings from Section [AntiAliasingQuality@3] File [F:/Docs/Uni/3r/Motors/GitHubPractica/ExamenMotors/MotorsExam/Saved/Config/Windows/Scalability.ini]
[2020.03.30-16.18.01:348][  0]LogConfig: Setting CVar [[r.PostProcessAAQuality:4]]
[2020.03.30-16.18.01:348][  0]LogConfig: Applying CVar settings from Section [ShadowQuality@3] File [F:/Docs/Uni/3r/Motors/GitHubPractica/ExamenMotors/MotorsExam/Saved/Config/Windows/Scalability.ini]
[2020.03.30-16.18.01:348][  0]LogConfig: Setting CVar [[r.LightFunctionQuality:1]]
[2020.03.30-16.18.01:348][  0]LogConfig: Setting CVar [[r.ShadowQuality:5]]
[2020.03.30-16.18.01:348][  0]LogConfig: Setting CVar [[r.Shadow.CSM.MaxCascades:10]]
[2020.03.30-16.18.01:348][  0]LogConfig: Setting CVar [[r.Shadow.MaxResolution:2048]]
[2020.03.30-16.18.01:348][  0]LogConfig: Setting CVar [[r.Shadow.MaxCSMResolution:2048]]
[2020.03.30-16.18.01:348][  0]LogConfig: Setting CVar [[r.Shadow.RadiusThreshold:0.01]]
[2020.03.30-16.18.01:348][  0]LogConfig: Setting CVar [[r.Shadow.DistanceScale:1.0]]
[2020.03.30-16.18.01:348][  0]LogConfig: Setting CVar [[r.Shadow.CSM.TransitionScale:1.0]]
[2020.03.30-16.18.01:348][  0]LogConfig: Setting CVar [[r.Shadow.PreShadowResolutionFactor:1.0]]
[2020.03.30-16.18.01:348][  0]LogConfig: Setting CVar [[r.DistanceFieldShadowing:1]]
[2020.03.30-16.18.01:348][  0]LogConfig: Setting CVar [[r.DistanceFieldAO:1]]
[2020.03.30-16.18.01:348][  0]LogConfig: Setting CVar [[r.AOQuality:2]]
[2020.03.30-16.18.01:348][  0]LogConfig: Setting CVar [[r.VolumetricFog:1]]
[2020.03.30-16.18.01:348][  0]LogConfig: Setting CVar [[r.VolumetricFog.GridPixelSize:8]]
[2020.03.30-16.18.01:349][  0]LogConfig: Setting CVar [[r.VolumetricFog.GridSizeZ:128]]
[2020.03.30-16.18.01:349][  0]LogConfig: Setting CVar [[r.VolumetricFog.HistoryMissSupersampleCount:4]]
[2020.03.30-16.18.01:349][  0]LogConfig: Setting CVar [[r.LightMaxDrawDistanceScale:1]]
[2020.03.30-16.18.01:349][  0]LogConfig: Setting CVar [[r.CapsuleShadows:1]]
[2020.03.30-16.18.01:349][  0]LogConfig: Applying CVar settings from Section [PostProcessQuality@3] File [F:/Docs/Uni/3r/Motors/GitHubPractica/ExamenMotors/MotorsExam/Saved/Config/Windows/Scalability.ini]
[2020.03.30-16.18.01:349][  0]LogConfig: Setting CVar [[r.MotionBlurQuality:4]]
[2020.03.30-16.18.01:349][  0]LogConfig: Setting CVar [[r.AmbientOcclusionMipLevelFactor:0.4]]
[2020.03.30-16.18.01:349][  0]LogConfig: Setting CVar [[r.AmbientOcclusionMaxQuality:100]]
[2020.03.30-16.18.01:349][  0]LogConfig: Setting CVar [[r.AmbientOcclusionLevels:-1]]
[2020.03.30-16.18.01:349][  0]LogConfig: Setting CVar [[r.AmbientOcclusionRadiusScale:1.0]]
[2020.03.30-16.18.01:349][  0]LogConfig: Setting CVar [[r.DepthOfFieldQuality:2]]
[2020.03.30-16.18.01:349][  0]LogConfig: Setting CVar [[r.RenderTargetPoolMin:400]]
[2020.03.30-16.18.01:349][  0]LogConfig: Setting CVar [[r.LensFlareQuality:2]]
[2020.03.30-16.18.01:349][  0]LogConfig: Setting CVar [[r.SceneColorFringeQuality:1]]
[2020.03.30-16.18.01:349][  0]LogConfig: Setting CVar [[r.EyeAdaptationQuality:2]]
[2020.03.30-16.18.01:349][  0]LogConfig: Setting CVar [[r.BloomQuality:5]]
[2020.03.30-16.18.01:349][  0]LogConfig: Setting CVar [[r.FastBlurThreshold:100]]
[2020.03.30-16.18.01:349][  0]LogConfig: Setting CVar [[r.Upscale.Quality:3]]
[2020.03.30-16.18.01:349][  0]LogConfig: Setting CVar [[r.Tonemapper.GrainQuantization:1]]
[2020.03.30-16.18.01:349][  0]LogConfig: Setting CVar [[r.LightShaftQuality:1]]
[2020.03.30-16.18.01:349][  0]LogConfig: Setting CVar [[r.Filter.SizeScale:1]]
[2020.03.30-16.18.01:349][  0]LogConfig: Setting CVar [[r.Tonemapper.Quality:5]]
[2020.03.30-16.18.01:349][  0]LogConfig: Setting CVar [[r.DOF.Gather.AccumulatorQuality:1        ; higher gathering accumulator quality]]
[2020.03.30-16.18.01:349][  0]LogConfig: Setting CVar [[r.DOF.Gather.PostfilterMethod:1          ; Median3x3 postfilering method]]
[2020.03.30-16.18.01:349][  0]LogConfig: Setting CVar [[r.DOF.Gather.EnableBokehSettings:0       ; no bokeh simulation when gathering]]
[2020.03.30-16.18.01:349][  0]LogConfig: Setting CVar [[r.DOF.Gather.RingCount:4                 ; medium number of samples when gathering]]
[2020.03.30-16.18.01:349][  0]LogConfig: Setting CVar [[r.DOF.Scatter.ForegroundCompositing:1    ; additive foreground scattering]]
[2020.03.30-16.18.01:349][  0]LogConfig: Setting CVar [[r.DOF.Scatter.BackgroundCompositing:2    ; additive background scattering]]
[2020.03.30-16.18.01:349][  0]LogConfig: Setting CVar [[r.DOF.Scatter.EnableBokehSettings:1      ; bokeh simulation when scattering]]
[2020.03.30-16.18.01:349][  0]LogConfig: Setting CVar [[r.DOF.Scatter.MaxSpriteRatio:0.1         ; only a maximum of 10% of scattered bokeh]]
[2020.03.30-16.18.01:349][  0]LogConfig: Setting CVar [[r.DOF.Recombine.Quality:1                ; cheap slight out of focus]]
[2020.03.30-16.18.01:349][  0]LogConfig: Setting CVar [[r.DOF.Recombine.EnableBokehSettings:0    ; no bokeh simulation on slight out of focus]]
[2020.03.30-16.18.01:349][  0]LogConfig: Setting CVar [[r.DOF.TemporalAAQuality:1                ; more stable temporal accumulation]]
[2020.03.30-16.18.01:349][  0]LogConfig: Setting CVar [[r.DOF.Kernel.MaxForegroundRadius:0.025]]
[2020.03.30-16.18.01:349][  0]LogConfig: Setting CVar [[r.DOF.Kernel.MaxBackgroundRadius:0.025]]
[2020.03.30-16.18.01:349][  0]LogConfig: Applying CVar settings from Section [TextureQuality@3] File [F:/Docs/Uni/3r/Motors/GitHubPractica/ExamenMotors/MotorsExam/Saved/Config/Windows/Scalability.ini]
[2020.03.30-16.18.01:349][  0]LogConfig: Setting CVar [[r.Streaming.MipBias:0]]
[2020.03.30-16.18.01:349][  0]LogConfig: Setting CVar [[r.Streaming.AmortizeCPUToGPUCopy:0]]
[2020.03.30-16.18.01:349][  0]LogConfig: Setting CVar [[r.Streaming.MaxNumTexturesToStreamPerFrame:0]]
[2020.03.30-16.18.01:349][  0]LogConfig: Setting CVar [[r.Streaming.Boost:1]]
[2020.03.30-16.18.01:349][  0]LogConfig: Setting CVar [[r.MaxAnisotropy:8]]
[2020.03.30-16.18.01:349][  0]LogConfig: Setting CVar [[r.VT.MaxAnisotropy:8]]
[2020.03.30-16.18.01:349][  0]LogConfig: Setting CVar [[r.Streaming.LimitPoolSizeToVRAM:0]]
[2020.03.30-16.18.01:349][  0]LogConfig: Setting CVar [[r.Streaming.PoolSize:1000]]
[2020.03.30-16.18.01:349][  0]LogConfig: Setting CVar [[r.Streaming.MaxEffectiveScreenSize:0]]
[2020.03.30-16.18.01:349][  0]LogConfig: Applying CVar settings from Section [EffectsQuality@3] File [F:/Docs/Uni/3r/Motors/GitHubPractica/ExamenMotors/MotorsExam/Saved/Config/Windows/Scalability.ini]
[2020.03.30-16.18.01:349][  0]LogConfig: Setting CVar [[r.TranslucencyLightingVolumeDim:64]]
[2020.03.30-16.18.01:349][  0]LogConfig: Setting CVar [[r.RefractionQuality:2]]
[2020.03.30-16.18.01:349][  0]LogConfig: Setting CVar [[r.SSR.Quality:3]]
[2020.03.30-16.18.01:349][  0]LogConfig: Setting CVar [[r.SSR.HalfResSceneColor:0]]
[2020.03.30-16.18.01:349][  0]LogConfig: Setting CVar [[r.SceneColorFormat:4]]
[2020.03.30-16.18.01:349][  0]LogConfig: Setting CVar [[r.DetailMode:2]]
[2020.03.30-16.18.01:349][  0]LogConfig: Setting CVar [[r.TranslucencyVolumeBlur:1]]
[2020.03.30-16.18.01:349][  0]LogConfig: Setting CVar [[r.MaterialQualityLevel:1 ; High quality]]
[2020.03.30-16.18.01:349][  0]LogConfig: Setting CVar [[r.SSS.Scale:1]]
[2020.03.30-16.18.01:349][  0]LogConfig: Setting CVar [[r.SSS.SampleSet:2]]
[2020.03.30-16.18.01:349][  0]LogConfig: Setting CVar [[r.SSS.Quality:1]]
[2020.03.30-16.18.01:349][  0]LogConfig: Setting CVar [[r.SSS.HalfRes:1]]
[2020.03.30-16.18.01:349][  0]LogConfig: Setting CVar [[r.SSGI.Quality:3]]
[2020.03.30-16.18.01:349][  0]LogConfig: Setting CVar [[r.EmitterSpawnRateScale:1.0]]
[2020.03.30-16.18.01:349][  0]LogConfig: Setting CVar [[r.ParticleLightQuality:2]]
[2020.03.30-16.18.01:349][  0]LogConfig: Setting CVar [[r.SkyAtmosphere.AerialPerspectiveLUT.FastApplyOnOpaque:1 ; Always have FastSkyLUT 1 in this case to avoid wrong sky]]
[2020.03.30-16.18.01:349][  0]LogConfig: Setting CVar [[r.SkyAtmosphere.AerialPerspectiveLUT.SampleCountPerSlice:1]]
[2020.03.30-16.18.01:349][  0]LogConfig: Setting CVar [[r.SkyAtmosphere.AerialPerspectiveLUT.DepthResolution:16.0]]
[2020.03.30-16.18.01:349][  0]LogConfig: Setting CVar [[r.SkyAtmosphere.FastSkyLUT:1]]
[2020.03.30-16.18.01:349][  0]LogConfig: Setting CVar [[r.SkyAtmosphere.FastSkyLUT.SampleCountMin:4.0]]
[2020.03.30-16.18.01:349][  0]LogConfig: Setting CVar [[r.SkyAtmosphere.FastSkyLUT.SampleCountMax:32.0]]
[2020.03.30-16.18.01:349][  0]LogConfig: Setting CVar [[r.SkyAtmosphere.SampleCountMin:4.0]]
[2020.03.30-16.18.01:349][  0]LogConfig: Setting CVar [[r.SkyAtmosphere.SampleCountMax:32.0]]
[2020.03.30-16.18.01:349][  0]LogConfig: Setting CVar [[r.SkyAtmosphere.TransmittanceLUT.UseSmallFormat:0]]
[2020.03.30-16.18.01:349][  0]LogConfig: Setting CVar [[r.SkyAtmosphere.TransmittanceLUT.SampleCount:10.0]]
[2020.03.30-16.18.01:349][  0]LogConfig: Setting CVar [[r.SkyAtmosphere.MultiScatteringLUT.SampleCount:15.0]]
[2020.03.30-16.18.01:349][  0]LogConfig: Applying CVar settings from Section [FoliageQuality@3] File [F:/Docs/Uni/3r/Motors/GitHubPractica/ExamenMotors/MotorsExam/Saved/Config/Windows/Scalability.ini]
[2020.03.30-16.18.01:349][  0]LogConfig: Setting CVar [[foliage.DensityScale:1.0]]
[2020.03.30-16.18.01:350][  0]LogConfig: Setting CVar [[grass.DensityScale:1.0]]
[2020.03.30-16.18.01:350][  0]LogConfig: Applying CVar settings from Section [ShadingQuality@3] File [F:/Docs/Uni/3r/Motors/GitHubPractica/ExamenMotors/MotorsExam/Saved/Config/Windows/Scalability.ini]
[2020.03.30-16.18.01:350][  0]LogConfig: Setting CVar [[r.HairStrands.SkyLighting.SampleCount:16]]
[2020.03.30-16.18.01:350][  0]LogConfig: Setting CVar [[r.HairStrands.SkyLighting.JitterIntegration:0]]
[2020.03.30-16.18.01:350][  0]LogConfig: Setting CVar [[r.HairStrands.SkyAO.SampleCount:16]]
[2020.03.30-16.18.01:350][  0]LogInit: Selected Device Profile: [Windows]
[2020.03.30-16.18.01:350][  0]LogInit: Applying CVar settings loaded from the selected device profile: [Windows]
[2020.03.30-16.18.01:352][  0]LogHAL: Display: Platform has ~ 16 GB [17128558592 / 17179869184 / 16], which maps to Larger [LargestMinGB=32, LargerMinGB=12, DefaultMinGB=8, SmallerMinGB=6, SmallestMinGB=0)
[2020.03.30-16.18.01:352][  0]LogInit: Going up to parent DeviceProfile []
[2020.03.30-16.18.01:352][  0]LogConfig: Applying CVar settings from Section [ViewDistanceQuality@3] File [F:/Docs/Uni/3r/Motors/GitHubPractica/ExamenMotors/MotorsExam/Saved/Config/Windows/Scalability.ini]
[2020.03.30-16.18.01:352][  0]LogConfig: Setting CVar [[r.SkeletalMeshLODBias:0]]
[2020.03.30-16.18.01:352][  0]LogConfig: Setting CVar [[r.ViewDistanceScale:1.0]]
[2020.03.30-16.18.01:352][  0]LogConfig: Applying CVar settings from Section [AntiAliasingQuality@3] File [F:/Docs/Uni/3r/Motors/GitHubPractica/ExamenMotors/MotorsExam/Saved/Config/Windows/Scalability.ini]
[2020.03.30-16.18.01:352][  0]LogConfig: Setting CVar [[r.PostProcessAAQuality:4]]
[2020.03.30-16.18.01:352][  0]LogConfig: Applying CVar settings from Section [ShadowQuality@3] File [F:/Docs/Uni/3r/Motors/GitHubPractica/ExamenMotors/MotorsExam/Saved/Config/Windows/Scalability.ini]
[2020.03.30-16.18.01:352][  0]LogConfig: Setting CVar [[r.LightFunctionQuality:1]]
[2020.03.30-16.18.01:352][  0]LogConfig: Setting CVar [[r.ShadowQuality:5]]
[2020.03.30-16.18.01:352][  0]LogConfig: Setting CVar [[r.Shadow.CSM.MaxCascades:10]]
[2020.03.30-16.18.01:352][  0]LogConfig: Setting CVar [[r.Shadow.MaxResolution:2048]]
[2020.03.30-16.18.01:352][  0]LogConfig: Setting CVar [[r.Shadow.MaxCSMResolution:2048]]
[2020.03.30-16.18.01:352][  0]LogConfig: Setting CVar [[r.Shadow.RadiusThreshold:0.01]]
[2020.03.30-16.18.01:352][  0]LogConfig: Setting CVar [[r.Shadow.DistanceScale:1.0]]
[2020.03.30-16.18.01:352][  0]LogConfig: Setting CVar [[r.Shadow.CSM.TransitionScale:1.0]]
[2020.03.30-16.18.01:352][  0]LogConfig: Setting CVar [[r.Shadow.PreShadowResolutionFactor:1.0]]
[2020.03.30-16.18.01:352][  0]LogConfig: Setting CVar [[r.DistanceFieldShadowing:1]]
[2020.03.30-16.18.01:352][  0]LogConfig: Setting CVar [[r.DistanceFieldAO:1]]
[2020.03.30-16.18.01:352][  0]LogConfig: Setting CVar [[r.AOQuality:2]]
[2020.03.30-16.18.01:352][  0]LogConfig: Setting CVar [[r.VolumetricFog:1]]
[2020.03.30-16.18.01:352][  0]LogConfig: Setting CVar [[r.VolumetricFog.GridPixelSize:8]]
[2020.03.30-16.18.01:352][  0]LogConfig: Setting CVar [[r.VolumetricFog.GridSizeZ:128]]
[2020.03.30-16.18.01:352][  0]LogConfig: Setting CVar [[r.VolumetricFog.HistoryMissSupersampleCount:4]]
[2020.03.30-16.18.01:352][  0]LogConfig: Setting CVar [[r.LightMaxDrawDistanceScale:1]]
[2020.03.30-16.18.01:352][  0]LogConfig: Setting CVar [[r.CapsuleShadows:1]]
[2020.03.30-16.18.01:352][  0]LogConfig: Applying CVar settings from Section [PostProcessQuality@3] File [F:/Docs/Uni/3r/Motors/GitHubPractica/ExamenMotors/MotorsExam/Saved/Config/Windows/Scalability.ini]
[2020.03.30-16.18.01:352][  0]LogConfig: Setting CVar [[r.MotionBlurQuality:4]]
[2020.03.30-16.18.01:352][  0]LogConfig: Setting CVar [[r.AmbientOcclusionMipLevelFactor:0.4]]
[2020.03.30-16.18.01:352][  0]LogConfig: Setting CVar [[r.AmbientOcclusionMaxQuality:100]]
[2020.03.30-16.18.01:352][  0]LogConfig: Setting CVar [[r.AmbientOcclusionLevels:-1]]
[2020.03.30-16.18.01:352][  0]LogConfig: Setting CVar [[r.AmbientOcclusionRadiusScale:1.0]]
[2020.03.30-16.18.01:352][  0]LogConfig: Setting CVar [[r.DepthOfFieldQuality:2]]
[2020.03.30-16.18.01:352][  0]LogConfig: Setting CVar [[r.RenderTargetPoolMin:400]]
[2020.03.30-16.18.01:352][  0]LogConfig: Setting CVar [[r.LensFlareQuality:2]]
[2020.03.30-16.18.01:352][  0]LogConfig: Setting CVar [[r.SceneColorFringeQuality:1]]
[2020.03.30-16.18.01:352][  0]LogConfig: Setting CVar [[r.EyeAdaptationQuality:2]]
[2020.03.30-16.18.01:352][  0]LogConfig: Setting CVar [[r.BloomQuality:5]]
[2020.03.30-16.18.01:352][  0]LogConfig: Setting CVar [[r.FastBlurThreshold:100]]
[2020.03.30-16.18.01:352][  0]LogConfig: Setting CVar [[r.Upscale.Quality:3]]
[2020.03.30-16.18.01:353][  0]LogConfig: Setting CVar [[r.Tonemapper.GrainQuantization:1]]
[2020.03.30-16.18.01:353][  0]LogConfig: Setting CVar [[r.LightShaftQuality:1]]
[2020.03.30-16.18.01:353][  0]LogConfig: Setting CVar [[r.Filter.SizeScale:1]]
[2020.03.30-16.18.01:353][  0]LogConfig: Setting CVar [[r.Tonemapper.Quality:5]]
[2020.03.30-16.18.01:353][  0]LogConfig: Setting CVar [[r.DOF.Gather.AccumulatorQuality:1        ; higher gathering accumulator quality]]
[2020.03.30-16.18.01:353][  0]LogConfig: Setting CVar [[r.DOF.Gather.PostfilterMethod:1          ; Median3x3 postfilering method]]
[2020.03.30-16.18.01:353][  0]LogConfig: Setting CVar [[r.DOF.Gather.EnableBokehSettings:0       ; no bokeh simulation when gathering]]
[2020.03.30-16.18.01:353][  0]LogConfig: Setting CVar [[r.DOF.Gather.RingCount:4                 ; medium number of samples when gathering]]
[2020.03.30-16.18.01:353][  0]LogConfig: Setting CVar [[r.DOF.Scatter.ForegroundCompositing:1    ; additive foreground scattering]]
[2020.03.30-16.18.01:353][  0]LogConfig: Setting CVar [[r.DOF.Scatter.BackgroundCompositing:2    ; additive background scattering]]
[2020.03.30-16.18.01:353][  0]LogConfig: Setting CVar [[r.DOF.Scatter.EnableBokehSettings:1      ; bokeh simulation when scattering]]
[2020.03.30-16.18.01:353][  0]LogConfig: Setting CVar [[r.DOF.Scatter.MaxSpriteRatio:0.1         ; only a maximum of 10% of scattered bokeh]]
[2020.03.30-16.18.01:353][  0]LogConfig: Setting CVar [[r.DOF.Recombine.Quality:1                ; cheap slight out of focus]]
[2020.03.30-16.18.01:353][  0]LogConfig: Setting CVar [[r.DOF.Recombine.EnableBokehSettings:0    ; no bokeh simulation on slight out of focus]]
[2020.03.30-16.18.01:353][  0]LogConfig: Setting CVar [[r.DOF.TemporalAAQuality:1                ; more stable temporal accumulation]]
[2020.03.30-16.18.01:353][  0]LogConfig: Setting CVar [[r.DOF.Kernel.MaxForegroundRadius:0.025]]
[2020.03.30-16.18.01:353][  0]LogConfig: Setting CVar [[r.DOF.Kernel.MaxBackgroundRadius:0.025]]
[2020.03.30-16.18.01:353][  0]LogConfig: Applying CVar settings from Section [TextureQuality@3] File [F:/Docs/Uni/3r/Motors/GitHubPractica/ExamenMotors/MotorsExam/Saved/Config/Windows/Scalability.ini]
[2020.03.30-16.18.01:353][  0]LogConfig: Setting CVar [[r.Streaming.MipBias:0]]
[2020.03.30-16.18.01:353][  0]LogConfig: Setting CVar [[r.Streaming.AmortizeCPUToGPUCopy:0]]
[2020.03.30-16.18.01:353][  0]LogConfig: Setting CVar [[r.Streaming.MaxNumTexturesToStreamPerFrame:0]]
[2020.03.30-16.18.01:353][  0]LogConfig: Setting CVar [[r.Streaming.Boost:1]]
[2020.03.30-16.18.01:353][  0]LogConfig: Setting CVar [[r.MaxAnisotropy:8]]
[2020.03.30-16.18.01:353][  0]LogConfig: Setting CVar [[r.VT.MaxAnisotropy:8]]
[2020.03.30-16.18.01:353][  0]LogConfig: Setting CVar [[r.Streaming.LimitPoolSizeToVRAM:0]]
[2020.03.30-16.18.01:353][  0]LogConfig: Setting CVar [[r.Streaming.PoolSize:1000]]
[2020.03.30-16.18.01:353][  0]LogConfig: Setting CVar [[r.Streaming.MaxEffectiveScreenSize:0]]
[2020.03.30-16.18.01:353][  0]LogConfig: Applying CVar settings from Section [EffectsQuality@3] File [F:/Docs/Uni/3r/Motors/GitHubPractica/ExamenMotors/MotorsExam/Saved/Config/Windows/Scalability.ini]
[2020.03.30-16.18.01:353][  0]LogConfig: Setting CVar [[r.TranslucencyLightingVolumeDim:64]]
[2020.03.30-16.18.01:353][  0]LogConfig: Setting CVar [[r.RefractionQuality:2]]
[2020.03.30-16.18.01:353][  0]LogConfig: Setting CVar [[r.SSR.Quality:3]]
[2020.03.30-16.18.01:353][  0]LogConfig: Setting CVar [[r.SSR.HalfResSceneColor:0]]
[2020.03.30-16.18.01:353][  0]LogConfig: Setting CVar [[r.SceneColorFormat:4]]
[2020.03.30-16.18.01:353][  0]LogConfig: Setting CVar [[r.DetailMode:2]]
[2020.03.30-16.18.01:353][  0]LogConfig: Setting CVar [[r.TranslucencyVolumeBlur:1]]
[2020.03.30-16.18.01:353][  0]LogConfig: Setting CVar [[r.MaterialQualityLevel:1 ; High quality]]
[2020.03.30-16.18.01:353][  0]LogConfig: Setting CVar [[r.SSS.Scale:1]]
[2020.03.30-16.18.01:353][  0]LogConfig: Setting CVar [[r.SSS.SampleSet:2]]
[2020.03.30-16.18.01:353][  0]LogConfig: Setting CVar [[r.SSS.Quality:1]]
[2020.03.30-16.18.01:353][  0]LogConfig: Setting CVar [[r.SSS.HalfRes:1]]
[2020.03.30-16.18.01:353][  0]LogConfig: Setting CVar [[r.SSGI.Quality:3]]
[2020.03.30-16.18.01:353][  0]LogConfig: Setting CVar [[r.EmitterSpawnRateScale:1.0]]
[2020.03.30-16.18.01:353][  0]LogConfig: Setting CVar [[r.ParticleLightQuality:2]]
[2020.03.30-16.18.01:353][  0]LogConfig: Setting CVar [[r.SkyAtmosphere.AerialPerspectiveLUT.FastApplyOnOpaque:1 ; Always have FastSkyLUT 1 in this case to avoid wrong sky]]
[2020.03.30-16.18.01:353][  0]LogConfig: Setting CVar [[r.SkyAtmosphere.AerialPerspectiveLUT.SampleCountPerSlice:1]]
[2020.03.30-16.18.01:353][  0]LogConfig: Setting CVar [[r.SkyAtmosphere.AerialPerspectiveLUT.DepthResolution:16.0]]
[2020.03.30-16.18.01:353][  0]LogConfig: Setting CVar [[r.SkyAtmosphere.FastSkyLUT:1]]
[2020.03.30-16.18.01:353][  0]LogConfig: Setting CVar [[r.SkyAtmosphere.FastSkyLUT.SampleCountMin:4.0]]
[2020.03.30-16.18.01:353][  0]LogConfig: Setting CVar [[r.SkyAtmosphere.FastSkyLUT.SampleCountMax:32.0]]
[2020.03.30-16.18.01:353][  0]LogConfig: Setting CVar [[r.SkyAtmosphere.SampleCountMin:4.0]]
[2020.03.30-16.18.01:353][  0]LogConfig: Setting CVar [[r.SkyAtmosphere.SampleCountMax:32.0]]
[2020.03.30-16.18.01:353][  0]LogConfig: Setting CVar [[r.SkyAtmosphere.TransmittanceLUT.UseSmallFormat:0]]
[2020.03.30-16.18.01:353][  0]LogConfig: Setting CVar [[r.SkyAtmosphere.TransmittanceLUT.SampleCount:10.0]]
[2020.03.30-16.18.01:353][  0]LogConfig: Setting CVar [[r.SkyAtmosphere.MultiScatteringLUT.SampleCount:15.0]]
[2020.03.30-16.18.01:353][  0]LogConfig: Applying CVar settings from Section [FoliageQuality@3] File [F:/Docs/Uni/3r/Motors/GitHubPractica/ExamenMotors/MotorsExam/Saved/Config/Windows/Scalability.ini]
[2020.03.30-16.18.01:353][  0]LogConfig: Setting CVar [[foliage.DensityScale:1.0]]
[2020.03.30-16.18.01:353][  0]LogConfig: Setting CVar [[grass.DensityScale:1.0]]
[2020.03.30-16.18.01:353][  0]LogConfig: Applying CVar settings from Section [ShadingQuality@3] File [F:/Docs/Uni/3r/Motors/GitHubPractica/ExamenMotors/MotorsExam/Saved/Config/Windows/Scalability.ini]
[2020.03.30-16.18.01:353][  0]LogConfig: Setting CVar [[r.HairStrands.SkyLighting.SampleCount:16]]
[2020.03.30-16.18.01:353][  0]LogConfig: Setting CVar [[r.HairStrands.SkyLighting.JitterIntegration:0]]
[2020.03.30-16.18.01:353][  0]LogConfig: Setting CVar [[r.HairStrands.SkyAO.SampleCount:16]]
[2020.03.30-16.18.01:353][  0]LogConfig: Applying CVar settings from Section [Startup] File [../../../Engine/Config/ConsoleVariables.ini]
[2020.03.30-16.18.01:353][  0]LogConfig: Setting CVar [[net.UseAdaptiveNetUpdateFrequency:0]]
[2020.03.30-16.18.01:354][  0]LogConfig: Setting CVar [[p.chaos.AllowCreatePhysxBodies:1]]
[2020.03.30-16.18.01:354][  0]LogConfig: Applying CVar settings from Section [ConsoleVariables] File [F:/Docs/Uni/3r/Motors/GitHubPractica/ExamenMotors/MotorsExam/Saved/Config/Windows/Engine.ini]
[2020.03.30-16.18.01:354][  0]LogInit: Computer: DESKTOP-P0PN2CK
[2020.03.30-16.18.01:354][  0]LogInit: User: Uri
[2020.03.30-16.18.01:354][  0]LogInit: CPU Page size=4096, Cores=6
[2020.03.30-16.18.01:354][  0]LogInit: High frequency timer resolution =10.000000 MHz
[2020.03.30-16.18.01:354][  0]LogMemory: Memory total: Physical=16.0GB (16GB approx)
[2020.03.30-16.18.01:354][  0]LogMemory: Platform Memory Stats for Windows
[2020.03.30-16.18.01:354][  0]LogMemory: Process Physical Memory: 106.27 MB used, 106.28 MB peak
[2020.03.30-16.18.01:354][  0]LogMemory: Process Virtual Memory: 101.61 MB used, 101.61 MB peak
[2020.03.30-16.18.01:354][  0]LogMemory: Physical Memory: 7164.39 MB used,  9170.68 MB free, 16335.07 MB total
[2020.03.30-16.18.01:354][  0]LogMemory: Virtual Memory: 5174.29 MB used,  134212552.00 MB free, 134217728.00 MB total
[2020.03.30-16.18.01:356][  0]LogWindows: WindowsPlatformFeatures enabled
[2020.03.30-16.18.01:370][  0]LogInit: Overriding language with editor language configuration option (en).
[2020.03.30-16.18.01:370][  0]LogInit: Overriding locale with editor locale configuration option (en).
[2020.03.30-16.18.01:541][  0]LogInit: Setting process to per monitor DPI aware
[2020.03.30-16.18.01:582][  0]LogSlate: New Slate User Created.  User Index 0, Is Virtual User: 0
[2020.03.30-16.18.01:582][  0]LogSlate: Slate User Registered.  User Index 0, Is Virtual User: 0
[2020.03.30-16.18.01:721][  0]LogHMD: Failed to initialize OpenVR with code 110
[2020.03.30-16.18.01:722][  0]LogD3D11RHI: D3D11 min allowed feature level: 11_0
[2020.03.30-16.18.01:722][  0]LogD3D11RHI: D3D11 max allowed feature level: 11_0
[2020.03.30-16.18.01:722][  0]LogD3D11RHI: D3D11 adapters:
[2020.03.30-16.18.01:792][  0]LogD3D11RHI:    0. 'NVIDIA GeForce GTX 1060 6GB' (Feature Level 11_0)
[2020.03.30-16.18.01:792][  0]LogD3D11RHI:       6052/0/8167 MB DedicatedVideo/DedicatedSystem/SharedSystem, Outputs:2, VendorId:0x10de
[2020.03.30-16.18.01:794][  0]LogD3D11RHI:    1. 'Microsoft Basic Render Driver' (Feature Level 11_0)
[2020.03.30-16.18.01:794][  0]LogD3D11RHI:       0/0/8167 MB DedicatedVideo/DedicatedSystem/SharedSystem, Outputs:0, VendorId:0x1414
[2020.03.30-16.18.01:794][  0]LogD3D11RHI: Chosen D3D11 Adapter: 0
[2020.03.30-16.18.01:803][  0]LogD3D11RHI: Creating new Direct3DDevice
[2020.03.30-16.18.01:804][  0]LogD3D11RHI:     GPU DeviceId: 0x1c03 (for the marketing name, search the web for "GPU Device Id")
[2020.03.30-16.18.01:804][  0]LogWindows: EnumDisplayDevices:
[2020.03.30-16.18.01:804][  0]LogWindows:    0. 'NVIDIA GeForce GTX 1060 6GB' (P:1 D:1)
[2020.03.30-16.18.01:804][  0]LogWindows:    1. 'NVIDIA GeForce GTX 1060 6GB' (P:0 D:1)
[2020.03.30-16.18.01:804][  0]LogWindows:    2. 'NVIDIA GeForce GTX 1060 6GB' (P:0 D:0)
[2020.03.30-16.18.01:804][  0]LogWindows:    3. 'NVIDIA GeForce GTX 1060 6GB' (P:0 D:0)
[2020.03.30-16.18.01:804][  0]LogWindows: DebugString: FoundDriverCount:4 
[2020.03.30-16.18.01:804][  0]LogD3D11RHI:     Adapter Name: NVIDIA GeForce GTX 1060 6GB
[2020.03.30-16.18.01:804][  0]LogD3D11RHI:   Driver Version: 442.59 (internal:26.21.14.4259, unified:442.59)
[2020.03.30-16.18.01:804][  0]LogD3D11RHI:      Driver Date: 3-4-2020
[2020.03.30-16.18.01:805][  0]LogRHI: Texture pool is 4236 MB (70% of 6052 MB)
[2020.03.30-16.18.01:861][  0]LogD3D11RHI: RHI has support for 64 bit atomics
[2020.03.30-16.18.01:861][  0]LogD3D11RHI: Async texture creation enabled
[2020.03.30-16.18.01:893][  0]LogD3D11RHI: GPU Timing Frequency: 1000.000000 (Debug: 2 1)
[2020.03.30-16.18.02:165][  0]LogTargetPlatformManager: Display: Loaded TargetPlatform 'AllDesktop'
[2020.03.30-16.18.02:199][  0]LogTargetPlatformManager: Display: Loaded TargetPlatform 'Android'
[2020.03.30-16.18.02:199][  0]LogTargetPlatformManager: Display: Loaded TargetPlatform 'Android_ASTC'
[2020.03.30-16.18.02:199][  0]LogTargetPlatformManager: Display: Loaded TargetPlatform 'Android_ATC'
[2020.03.30-16.18.02:199][  0]LogTargetPlatformManager: Display: Loaded TargetPlatform 'Android_DXT'
[2020.03.30-16.18.02:199][  0]LogTargetPlatformManager: Display: Loaded TargetPlatform 'Android_ETC1'
[2020.03.30-16.18.02:199][  0]LogTargetPlatformManager: Display: Loaded TargetPlatform 'Android_ETC1a'
[2020.03.30-16.18.02:199][  0]LogTargetPlatformManager: Display: Loaded TargetPlatform 'Android_ETC2'
[2020.03.30-16.18.02:199][  0]LogTargetPlatformManager: Display: Loaded TargetPlatform 'Android_PVRTC'
[2020.03.30-16.18.02:199][  0]LogTargetPlatformManager: Display: Loaded TargetPlatform 'AndroidClient'
[2020.03.30-16.18.02:199][  0]LogTargetPlatformManager: Display: Loaded TargetPlatform 'Android_ASTCClient'
[2020.03.30-16.18.02:199][  0]LogTargetPlatformManager: Display: Loaded TargetPlatform 'Android_ATCClient'
[2020.03.30-16.18.02:199][  0]LogTargetPlatformManager: Display: Loaded TargetPlatform 'Android_DXTClient'
[2020.03.30-16.18.02:199][  0]LogTargetPlatformManager: Display: Loaded TargetPlatform 'Android_ETC1Client'
[2020.03.30-16.18.02:199][  0]LogTargetPlatformManager: Display: Loaded TargetPlatform 'Android_ETC1aClient'
[2020.03.30-16.18.02:199][  0]LogTargetPlatformManager: Display: Loaded TargetPlatform 'Android_ETC2Client'
[2020.03.30-16.18.02:199][  0]LogTargetPlatformManager: Display: Loaded TargetPlatform 'Android_PVRTCClient'
[2020.03.30-16.18.02:199][  0]LogTargetPlatformManager: Display: Loaded TargetPlatform 'Android_Multi'
[2020.03.30-16.18.02:199][  0]LogTargetPlatformManager: Display: Loaded TargetPlatform 'Android_MultiClient'
[2020.03.30-16.18.02:219][  0]LogTargetPlatformManager: Display: Loaded TargetPlatform 'IOSClient'
[2020.03.30-16.18.02:219][  0]LogTargetPlatformManager: Display: Loaded TargetPlatform 'IOS'
[2020.03.30-16.18.02:227][  0]LogTargetPlatformManager: Display: Loaded TargetPlatform 'LinuxNoEditor'
[2020.03.30-16.18.02:234][  0]LogTargetPlatformManager: Display: Loaded TargetPlatform 'LinuxClient'
[2020.03.30-16.18.02:241][  0]LogTargetPlatformManager: Display: Loaded TargetPlatform 'LinuxServer'
[2020.03.30-16.18.02:249][  0]LogTargetPlatformManager: Display: Loaded TargetPlatform 'LinuxAArch64NoEditor'
[2020.03.30-16.18.02:258][  0]LogTargetPlatformManager: Display: Loaded TargetPlatform 'LinuxAArch64Client'
[2020.03.30-16.18.02:265][  0]LogTargetPlatformManager: Display: Loaded TargetPlatform 'LinuxAArch64Server'
[2020.03.30-16.18.02:291][  0]LogTargetPlatformManager: Display: Loaded TargetPlatform 'Lumin'
[2020.03.30-16.18.02:291][  0]LogTargetPlatformManager: Display: Loaded TargetPlatform 'LuminClient'
[2020.03.30-16.18.02:305][  0]LogTargetPlatformManager: Display: Loaded TargetPlatform 'TVOSClient'
[2020.03.30-16.18.02:305][  0]LogTargetPlatformManager: Display: Loaded TargetPlatform 'TVOS'
[2020.03.30-16.18.02:313][  0]LogTargetPlatformManager: Display: Loaded TargetPlatform 'WindowsNoEditor'
[2020.03.30-16.18.02:321][  0]LogTargetPlatformManager: Display: Loaded TargetPlatform 'Windows'
[2020.03.30-16.18.02:328][  0]LogTargetPlatformManager: Display: Loaded TargetPlatform 'WindowsClient'
[2020.03.30-16.18.02:334][  0]LogTargetPlatformManager: Display: Loaded TargetPlatform 'WindowsServer'
[2020.03.30-16.18.02:334][  0]LogTargetPlatformManager: Display: Building Assets For Windows
[2020.03.30-16.18.02:337][  0]LogAudioDebug: Display: Lib vorbis DLL was dynamically loaded.
[2020.03.30-16.18.02:354][  0]LogShaderCompilers: Guid format shader working directory is -31 characters bigger than the processId version (../../../../../../Docs/Uni/3r/Motors/GitHubPractica/ExamenMotors/MotorsExam/Intermediate/Shaders/WorkingDirectory/1196/).
[2020.03.30-16.18.02:354][  0]LogShaderCompilers: Cleaned the shader compiler working directory 'C:/Users/Uri/AppData/Local/Temp/UnrealShaderWorkingDir/F33528D04D2B93D7AEBED48732B76A0F/'.
[2020.03.30-16.18.02:354][  0]LogXGEController: Cannot use XGE Controller as Incredibuild is not installed on this machine.
[2020.03.30-16.18.02:355][  0]LogShaderCompilers: Cannot use XGE Shader Compiler as Incredibuild is not installed on this machine.
[2020.03.30-16.18.02:355][  0]LogShaderCompilers: Display: Using Local Shader Compiler.
[2020.03.30-16.18.03:083][  0]LogDerivedDataCache: Display: Max Cache Size: 512 MB
[2020.03.30-16.18.03:137][  0]LogDerivedDataCache: Loaded boot cache 0.05s 78MB C:/Users/Uri/AppData/Local/UnrealEngine/4.24/DerivedDataCache/Boot.ddc.
[2020.03.30-16.18.03:137][  0]LogDerivedDataCache: Display: Loaded Boot cache: C:/Users/Uri/AppData/Local/UnrealEngine/4.24/DerivedDataCache/Boot.ddc
[2020.03.30-16.18.03:137][  0]LogDerivedDataCache: FDerivedDataBackendGraph:  Pak pak cache file ../../../../../../Docs/Uni/3r/Motors/GitHubPractica/ExamenMotors/MotorsExam/DerivedDataCache/DDC.ddp not found, will not use a pak cache.
[2020.03.30-16.18.03:137][  0]LogDerivedDataCache: Unable to find inner node Pak for hierarchical cache Hierarchy.
[2020.03.30-16.18.03:137][  0]LogDerivedDataCache: FDerivedDataBackendGraph:  CompressedPak pak cache file ../../../../../../Docs/Uni/3r/Motors/GitHubPractica/ExamenMotors/MotorsExam/DerivedDataCache/Compressed.ddp not found, will not use a pak cache.
[2020.03.30-16.18.03:137][  0]LogDerivedDataCache: Unable to find inner node CompressedPak for hierarchical cache Hierarchy.
[2020.03.30-16.18.03:149][  0]LogDerivedDataCache: Display: Pak cache opened for reading ../../../Engine/DerivedDataCache/Compressed.ddp.
[2020.03.30-16.18.03:149][  0]LogDerivedDataCache: FDerivedDataBackendGraph:  EnterprisePak pak cache file ../../../Enterprise/DerivedDataCache/Compressed.ddp not found, will not use a pak cache.
[2020.03.30-16.18.03:149][  0]LogDerivedDataCache: Unable to find inner node EnterprisePak for hierarchical cache Hierarchy.
[2020.03.30-16.18.03:151][  0]LogDerivedDataCache: Using Local data cache path C:/Users/Uri/AppData/Local/UnrealEngine/Common/DerivedDataCache: Writable
[2020.03.30-16.18.03:151][  0]LogDerivedDataCache: Shared data cache path not found in *engine.ini, will not use an Shared cache.
[2020.03.30-16.18.03:151][  0]LogDerivedDataCache: Unable to find inner node Shared for hierarchical cache Hierarchy.
[2020.03.30-16.18.03:179][  0]LogMaterial: Verifying Global Shaders for PCD3D_SM5
[2020.03.30-16.18.03:182][  0]LogSlate: Using FreeType 2.10.0
[2020.03.30-16.18.03:182][  0]LogSlate: SlateFontServices - WITH_FREETYPE: 1, WITH_HARFBUZZ: 1
[2020.03.30-16.18.03:234][  0]LogAssetRegistry: FAssetRegistry took 0.0033 seconds to start up
[2020.03.30-16.18.03:550][  0]LogInit: Selected Device Profile: [Windows]
[2020.03.30-16.18.03:704][  0]LogMeshReduction: Using QuadricMeshReduction for automatic static mesh reduction
[2020.03.30-16.18.03:704][  0]LogMeshReduction: Using SimplygonMeshReduction for automatic skeletal mesh reduction
[2020.03.30-16.18.03:704][  0]LogMeshReduction: Using ProxyLODMeshReduction for automatic mesh merging
[2020.03.30-16.18.03:704][  0]LogMeshReduction: No distributed automatic mesh merging module available
[2020.03.30-16.18.03:704][  0]LogMeshMerging: No distributed automatic mesh merging module available
[2020.03.30-16.18.03:720][  0]LogNetVersion: MotorsExam 1.0.0, NetCL: 10570792, EngineNetVer: 13, GameNetVer: 0 (Checksum: 859380782)
[2020.03.30-16.18.04:748][  0]LogPackageLocalizationCache: Processed 10 localized package path(s) for 1 prioritized culture(s) in 0.050410 seconds
[2020.03.30-16.18.04:757][  0]LogUObjectArray: 46750 objects as part of root set at end of initial load.
[2020.03.30-16.18.04:757][  0]LogUObjectAllocator: 8137160 out of 0 bytes used by permanent object pool.
[2020.03.30-16.18.04:757][  0]LogUObjectArray: CloseDisregardForGC: 0/0 objects in disregard for GC pool
[2020.03.30-16.18.05:172][  0]LogTcpMessaging: Initializing TcpMessaging bridge
[2020.03.30-16.18.05:175][  0]LogUdpMessaging: Initializing bridge on interface 0.0.0.0:0 to multicast group 230.0.0.1:6666.
[2020.03.30-16.18.05:227][  0]SourceControl: Source control is disabled
[2020.03.30-16.18.05:227][  0]SourceControl: Source control is disabled
[2020.03.30-16.18.05:228][  0]SourceControl: Source control is disabled
[2020.03.30-16.18.05:228][  0]SourceControl: Source control is disabled
[2020.03.30-16.18.05:229][  0]SourceControl: Source control is disabled
[2020.03.30-16.18.05:306][  0]LogAndroidPermission: UAndroidPermissionCallbackProxy::GetInstance
[2020.03.30-16.18.05:318][  0]LogAudioCaptureCore: Display: No Audio Capture implementations found. Audio input will be silent.
[2020.03.30-16.18.05:318][  0]LogAudioCaptureCore: Display: No Audio Capture implementations found. Audio input will be silent.
[2020.03.30-16.18.05:411][  0]LogOcInput: OculusInput pre-init called
[2020.03.30-16.18.05:417][  0]LogWindows: Failed to load 'OVRPlugin.dll' (GetLastError=126)
[2020.03.30-16.18.05:417][  0]LogWindows: File 'OVRPlugin.dll' does not exist
[2020.03.30-16.18.05:491][  0]LogEngine: Initializing Engine...
[2020.03.30-16.18.05:493][  0]LogHMD: Failed to initialize OpenVR with code 110
[2020.03.30-16.18.05:494][  0]LogStats: UGameplayTagsManager::InitializeManager -  0.000 s
[2020.03.30-16.18.05:863][  0]LogInit: Initializing FReadOnlyCVARCache
[2020.03.30-16.18.05:869][  0]LogAIModule: Creating AISystem for world Untitled
[2020.03.30-16.18.05:883][  0]LogAudioMixer: Display: Audio Mixer Platform Settings:
[2020.03.30-16.18.05:883][  0]LogAudioMixer: Display: 	Sample Rate:						  48000
[2020.03.30-16.18.05:883][  0]LogAudioMixer: Display: 	Callback Buffer Frame Size Requested: 1024
[2020.03.30-16.18.05:883][  0]LogAudioMixer: Display: 	Callback Buffer Frame Size To Use:	  1024
[2020.03.30-16.18.05:883][  0]LogAudioMixer: Display: 	Number of buffers to queue:			  2
[2020.03.30-16.18.05:883][  0]LogAudioMixer: Display: 	Max Channels (voices):				  32
[2020.03.30-16.18.05:883][  0]LogAudioMixer: Display: 	Number of Async Source Workers:		  0
[2020.03.30-16.18.05:883][  0]LogAudio: Display: AudioDevice MaxSources: 32
[2020.03.30-16.18.05:883][  0]LogAudio: Display: Using built-in audio occlusion.
[2020.03.30-16.18.05:883][  0]LogAudioMixer: Display: Initializing audio mixer.
[2020.03.30-16.18.05:909][  0]LogAudioMixer: Display: Audio Device Output Speaker Info:
[2020.03.30-16.18.05:910][  0]LogAudioMixer: Display: Name: Auriculares (CORSAIR HS60 PRO SURROUND)
[2020.03.30-16.18.05:910][  0]LogAudioMixer: Display: Is Default: Yes
[2020.03.30-16.18.05:910][  0]LogAudioMixer: Display: Sample Rate: 48000
[2020.03.30-16.18.05:910][  0]LogAudioMixer: Display: Channel Count Used: 2
[2020.03.30-16.18.05:910][  0]LogAudioMixer: Display: Device Channel Count: 2
[2020.03.30-16.18.05:910][  0]LogAudioMixer: Display: Channel Order:
[2020.03.30-16.18.05:910][  0]LogAudioMixer: Display: 0: FrontLeft
[2020.03.30-16.18.05:910][  0]LogAudioMixer: Display: 1: FrontRight
[2020.03.30-16.18.06:065][  0]LogAudioMixer: Display: Using Audio Device Auriculares (CORSAIR HS60 PRO SURROUND)
[2020.03.30-16.18.06:071][  0]LogInit: FAudioDevice initialized.
[2020.03.30-16.18.06:071][  0]LogNetVersion: Set ProjectVersion to 1.0.0.0. Version Checksum will be recalculated on next use.
[2020.03.30-16.18.06:161][  0]LogDerivedDataCache: Saved boot cache 0.09s 78MB C:/Users/Uri/AppData/Local/UnrealEngine/4.24/DerivedDataCache/Boot.ddc.
[2020.03.30-16.18.06:165][  0]LogInit: Texture streaming: Enabled
[2020.03.30-16.18.06:176][  0]LogEngineSessionManager: EngineSessionManager initialized
[2020.03.30-16.18.06:176][  0]LogEditorSessionSummary: Verbose: Initializing EditorSessionSummaryWriter for editor session tracking
[2020.03.30-16.18.06:177][  0]LogEditorSessionSummary: EditorSessionSummaryWriter initialized
[2020.03.30-16.18.06:249][  0]LogInit: Transaction tracking system initialized
[2020.03.30-16.18.06:258][  0]BlueprintLog: New page: Editor Load
[2020.03.30-16.18.06:284][  0]LocalizationService: Localization service is disabled
[2020.03.30-16.18.06:567][  0]LogCook: Display: Max memory allowance for cook 16384mb min free memory 0mb
[2020.03.30-16.18.06:567][  0]LogCook: Display: Mobile HDR setting 1
[2020.03.30-16.18.06:640][  0]LogFileCache: Scanning file cache for directory 'F:/Docs/Uni/3r/Motors/GitHubPractica/ExamenMotors/MotorsExam/Content/' took 0.01s
[2020.03.30-16.18.07:175][  0]SourceControl: Source control is disabled
[2020.03.30-16.18.07:175][  0]Cmd: MAP LOAD FILE="../../../../../../Docs/Uni/3r/Motors/GitHubPractica/ExamenMotors/MotorsExam/Content/ThirdPersonBP/Maps/ThirdPersonExampleMap.umap" TEMPLATE=0 SHOWPROGRESS=1 FEATURELEVEL=3
[2020.03.30-16.18.07:175][  0]LightingResults: New page: Lighting Build
[2020.03.30-16.18.07:176][  0]LogWorld: UWorld::CleanupWorld for Untitled, bSessionEnded=true, bCleanupResources=true
[2020.03.30-16.18.07:176][  0]LogSlate: InvalidateAllWidgets triggered.  All widgets were invalidated
[2020.03.30-16.18.07:176][  0]MapCheck: New page: Map Check
[2020.03.30-16.18.07:176][  0]LightingResults: New page: Lighting Build
[2020.03.30-16.18.07:213][  0]LogUObjectHash: Compacting FUObjectHashTables data took   2.27ms
[2020.03.30-16.18.09:611][  0]LogAIModule: Creating AISystem for world ThirdPersonExampleMap
[2020.03.30-16.18.09:734][  0]LogEditorServer: Finished looking for orphan Actors (0.000 secs)
[2020.03.30-16.18.09:776][  0]LogUObjectHash: Compacting FUObjectHashTables data took   3.13ms
[2020.03.30-16.18.09:777][  0]Cmd: MAP CHECKDEP NOCLEARLOG
[2020.03.30-16.18.09:777][  0]MapCheck: Map check complete: 0 Error(s), 0 Warning(s), took 0.213ms to complete.
[2020.03.30-16.18.09:777][  0]LogFileHelpers: Loading map 'ThirdPersonExampleMap' took 2.602
[2020.03.30-16.18.09:948][  0]LogSlate: Updating window title bar state: overlay mode, drag disabled, window buttons hidden, title bar hidden
[2020.03.30-16.18.09:958][  0]LogSlate: Updating window title bar state: overlay mode, drag disabled, window buttons hidden, title bar hidden
[2020.03.30-16.18.09:967][  0]LogSlate: Updating window title bar state: overlay mode, drag disabled, window buttons hidden, title bar hidden
[2020.03.30-16.18.09:977][  0]LogSlate: Updating window title bar state: overlay mode, drag disabled, window buttons hidden, title bar hidden
[2020.03.30-16.18.09:987][  0]LogCollectionManager: Loaded 0 collections in 0.000924 seconds
[2020.03.30-16.18.10:002][  0]LogFileCache: Scanning file cache for directory 'F:/Docs/Uni/3r/Motors/GitHubPractica/ExamenMotors/MotorsExam/Saved/Collections/' took 0.00s
[2020.03.30-16.18.10:002][  0]LogFileCache: Scanning file cache for directory 'F:/Docs/Uni/3r/Motors/GitHubPractica/ExamenMotors/MotorsExam/Content/Developers/Uri/Collections/' took 0.00s
[2020.03.30-16.18.10:002][  0]LogFileCache: Scanning file cache for directory 'F:/Docs/Uni/3r/Motors/GitHubPractica/ExamenMotors/MotorsExam/Content/Collections/' took 0.00s
[2020.03.30-16.18.10:003][  0]LogContentBrowser: Native class hierarchy populated in 0.0102 seconds. Added 3015 classes and 717 folders.
[2020.03.30-16.18.10:005][  0]LogContentBrowser: Native class hierarchy updated for 'WidgetCarousel' in 0.0002 seconds. Added 0 classes and 0 folders.
[2020.03.30-16.18.10:330][  0]LogContentBrowser: Native class hierarchy updated for 'AddContentDialog' in 0.0003 seconds. Added 0 classes and 0 folders.
[2020.03.30-16.18.10:388][  0]LogContentBrowser: Native class hierarchy updated for 'SceneOutliner' in 0.0003 seconds. Added 2 classes and 3 folders.
[2020.03.30-16.18.10:525][  0]LogSlate: Took 0.000258 seconds to synchronously load lazily loaded font '../../../Engine/Content/Slate/Fonts/Roboto-Regular.ttf' (155K)
[2020.03.30-16.18.10:528][  0]LogSlate: Took 0.000166 seconds to synchronously load lazily loaded font '../../../Engine/Content/Slate/Fonts/Roboto-Bold.ttf' (160K)
[2020.03.30-16.18.10:698][  0]LogRenderer: Reallocating scene render targets to support 1208x572 Format 10 NumSamples 1 (Frame:1).
[2020.03.30-16.18.10:842][  0]LogContentBrowser: Native class hierarchy updated for 'HierarchicalLODOutliner' in 0.0003 seconds. Added 0 classes and 0 folders.
[2020.03.30-16.18.10:842][  0]LogLoad: (Engine Initialization) Total time: 10.72 seconds
[2020.03.30-16.18.10:842][  0]LogLoad: (Engine Initialization) Total Blueprint compile time: 0.00 seconds
[2020.03.30-16.18.10:910][  0]LogContentStreaming: Texture pool size now 1000 MB
[2020.03.30-16.18.11:636][ 10]LogAssetRegistry: Asset discovery search completed in 8.4025 seconds
[2020.03.30-16.18.11:640][ 10]LogCollectionManager: Fixed up redirectors for 0 collections in 0.000008 seconds (updated 0 objects)
[2020.03.30-16.18.19:609][399]LogTemp: Repeating last play command: Selected Viewport
[2020.03.30-16.18.19:627][399]LogBlueprintUserMessages: Early PlayInEditor Detection: Level '/Game/ThirdPersonBP/Maps/ThirdPersonExampleMap.ThirdPersonExampleMap:PersistentLevel' has LevelScriptBlueprint '/Game/ThirdPersonBP/Maps/ThirdPersonExampleMap.ThirdPersonExampleMap:PersistentLevel.ThirdPersonExampleMap' with GeneratedClass '/Game/ThirdPersonBP/Maps/ThirdPersonExampleMap.ThirdPersonExampleMap_C' with ClassGeneratedBy '/Game/ThirdPersonBP/Maps/ThirdPersonExampleMap.ThirdPersonExampleMap:PersistentLevel.ThirdPersonExampleMap'
[2020.03.30-16.18.19:627][399]LogPlayLevel: PlayLevel: No blueprints needed recompiling
[2020.03.30-16.18.19:631][399]PIE: New page: PIE session: ThirdPersonExampleMap (Mar 30, 2020, 8:18:19 PM)
[2020.03.30-16.18.19:632][399]LogOnline: OSS: Creating online subsystem instance for: NULL
[2020.03.30-16.18.19:633][399]LogOnline: OSS: TryLoadSubsystemAndSetDefault: Loaded subsystem for module [NULL]
[2020.03.30-16.18.19:633][399]LogPlayLevel: Creating play world package: /Game/ThirdPersonBP/Maps/UEDPIE_0_ThirdPersonExampleMap
[2020.03.30-16.18.19:739][399]LogPlayLevel: PIE: StaticDuplicateObject took: (0.106143s)
[2020.03.30-16.18.19:740][399]LogAIModule: Creating AISystem for world ThirdPersonExampleMap
[2020.03.30-16.18.19:741][399]LogPlayLevel: PIE: World Init took: (0.001247s)
[2020.03.30-16.18.19:741][399]LogPlayLevel: PIE: Created PIE world by copying editor world from /Game/ThirdPersonBP/Maps/ThirdPersonExampleMap.ThirdPersonExampleMap to /Game/ThirdPersonBP/Maps/UEDPIE_0_ThirdPersonExampleMap.ThirdPersonExampleMap (0.107601s)
[2020.03.30-16.18.19:778][399]LogUObjectHash: Compacting FUObjectHashTables data took   2.12ms
[2020.03.30-16.18.19:780][399]LogAudioMixer: Display: Audio Mixer Platform Settings:
[2020.03.30-16.18.19:780][399]LogAudioMixer: Display: 	Sample Rate:						  48000
[2020.03.30-16.18.19:780][399]LogAudioMixer: Display: 	Callback Buffer Frame Size Requested: 1024
[2020.03.30-16.18.19:780][399]LogAudioMixer: Display: 	Callback Buffer Frame Size To Use:	  1024
[2020.03.30-16.18.19:780][399]LogAudioMixer: Display: 	Number of buffers to queue:			  2
[2020.03.30-16.18.19:780][399]LogAudioMixer: Display: 	Max Channels (voices):				  32
[2020.03.30-16.18.19:780][399]LogAudioMixer: Display: 	Number of Async Source Workers:		  0
[2020.03.30-16.18.19:780][399]LogAudio: Display: AudioDevice MaxSources: 32
[2020.03.30-16.18.19:781][399]LogAudio: Display: Using built-in audio occlusion.
[2020.03.30-16.18.19:781][399]LogAudioMixer: Display: Initializing audio mixer.
[2020.03.30-16.18.19:801][399]LogAudioMixer: Display: Audio Device Output Speaker Info:
[2020.03.30-16.18.19:801][399]LogAudioMixer: Display: Name: Auriculares (CORSAIR HS60 PRO SURROUND)
[2020.03.30-16.18.19:801][399]LogAudioMixer: Display: Is Default: Yes
[2020.03.30-16.18.19:801][399]LogAudioMixer: Display: Sample Rate: 48000
[2020.03.30-16.18.19:801][399]LogAudioMixer: Display: Channel Count Used: 2
[2020.03.30-16.18.19:801][399]LogAudioMixer: Display: Device Channel Count: 2
[2020.03.30-16.18.19:801][399]LogAudioMixer: Display: Channel Order:
[2020.03.30-16.18.19:801][399]LogAudioMixer: Display: 0: FrontLeft
[2020.03.30-16.18.19:801][399]LogAudioMixer: Display: 1: FrontRight
[2020.03.30-16.18.19:954][399]LogAudioMixer: Display: Using Audio Device Auriculares (CORSAIR HS60 PRO SURROUND)
[2020.03.30-16.18.19:956][399]LogInit: FAudioDevice initialized.
[2020.03.30-16.18.19:965][399]LogLoad: Game class is 'ThirdPersonGameMode_C'
[2020.03.30-16.18.19:981][399]LogWorld: Bringing World /Game/ThirdPersonBP/Maps/UEDPIE_0_ThirdPersonExampleMap.ThirdPersonExampleMap up for play (max tick rate 0) at 2020.03.30-18.18.19
[2020.03.30-16.18.19:991][399]LogWorld: Bringing up level for play took: 0.025015
[2020.03.30-16.18.19:991][399]LogOnline: OSS: Creating online subsystem instance for: :Context_1
[2020.03.30-16.18.19:994][399]LogContentBrowser: Native class hierarchy updated for 'MovieSceneCapture' in 0.0003 seconds. Added 20 classes and 0 folders.
[2020.03.30-16.18.19:996][399]PIE: Play in editor start time for /Game/ThirdPersonBP/Maps/UEDPIE_0_ThirdPersonExampleMap 1.126
[2020.03.30-16.18.19:997][399]LogBlueprintUserMessages: Late PlayInEditor Detection: Level '/Game/ThirdPersonBP/Maps/ThirdPersonExampleMap.ThirdPersonExampleMap:PersistentLevel' has LevelScriptBlueprint '/Game/ThirdPersonBP/Maps/ThirdPersonExampleMap.ThirdPersonExampleMap:PersistentLevel.ThirdPersonExampleMap' with GeneratedClass '/Game/ThirdPersonBP/Maps/ThirdPersonExampleMap.ThirdPersonExampleMap_C' with ClassGeneratedBy '/Game/ThirdPersonBP/Maps/ThirdPersonExampleMap.ThirdPersonExampleMap:PersistentLevel.ThirdPersonExampleMap'
[2020.03.30-16.18.30:227][ 67]LogBlueprintUserMessages: [DeadZone_2] The player has died
[2020.03.30-16.18.32:916][313]LogBlueprintUserMessages: [DeadZone_2] The player has died
[2020.03.30-16.18.34:256][445]LogBlueprintUserMessages: [DeadZone_2] The player has died
[2020.03.30-16.18.35:706][593]LogBlueprintUserMessages: [DeadZone_2] The player has died
[2020.03.30-16.18.36:253][649]LogAudioMixer: Display: No commands were queued while flushing the source manager.
[2020.03.30-16.18.36:270][649]LogAudioMixer: Display: Flush succeeded in the source manager command queue (1).
[2020.03.30-16.18.36:300][649]LogAudioMixer: Display: Flush succeeded the source manager command queue (2).
[2020.03.30-16.18.36:300][649]LogBlueprintUserMessages: Early EndPlayMap Detection: Level '/Game/ThirdPersonBP/Maps/ThirdPersonExampleMap.ThirdPersonExampleMap:PersistentLevel' has LevelScriptBlueprint '/Game/ThirdPersonBP/Maps/ThirdPersonExampleMap.ThirdPersonExampleMap:PersistentLevel.ThirdPersonExampleMap' with GeneratedClass '/Game/ThirdPersonBP/Maps/ThirdPersonExampleMap.ThirdPersonExampleMap_C' with ClassGeneratedBy '/Game/ThirdPersonBP/Maps/ThirdPersonExampleMap.ThirdPersonExampleMap:PersistentLevel.ThirdPersonExampleMap'
[2020.03.30-16.18.36:300][649]LogSlate: Updating window title bar state: overlay mode, drag disabled, window buttons hidden, title bar hidden
[2020.03.30-16.18.36:300][649]LogWorld: BeginTearingDown for /Game/ThirdPersonBP/Maps/UEDPIE_0_ThirdPersonExampleMap
[2020.03.30-16.18.36:300][649]LogAudioMixer: Display: No commands were queued while flushing the source manager.
[2020.03.30-16.18.36:300][649]LogWorld: UWorld::CleanupWorld for ThirdPersonExampleMap, bSessionEnded=true, bCleanupResources=true
[2020.03.30-16.18.36:307][649]LogSlate: InvalidateAllWidgets triggered.  All widgets were invalidated
[2020.03.30-16.18.36:314][649]LogPlayLevel: Display: Shutting down PIE online subsystems
[2020.03.30-16.18.36:315][649]LogBlueprintUserMessages: Late EndPlayMap Detection: Level '/Game/ThirdPersonBP/Maps/ThirdPersonExampleMap.ThirdPersonExampleMap:PersistentLevel' has LevelScriptBlueprint '/Game/ThirdPersonBP/Maps/ThirdPersonExampleMap.ThirdPersonExampleMap:PersistentLevel.ThirdPersonExampleMap' with GeneratedClass '/Game/ThirdPersonBP/Maps/ThirdPersonExampleMap.ThirdPersonExampleMap_C' with ClassGeneratedBy '/Game/ThirdPersonBP/Maps/ThirdPersonExampleMap.ThirdPersonExampleMap:PersistentLevel.ThirdPersonExampleMap'
[2020.03.30-16.18.36:318][649]LogSlate: InvalidateAllWidgets triggered.  All widgets were invalidated
[2020.03.30-16.18.36:352][649]LogAudioMixer: Display: No commands were queued while flushing the source manager.
[2020.03.30-16.18.36:356][649]LogSlate: Updating window title bar state: overlay mode, drag disabled, window buttons hidden, title bar hidden
[2020.03.30-16.18.36:361][649]LogUObjectHash: Compacting FUObjectHashTables data took   2.49ms
[2020.03.30-16.18.36:383][650]LogPlayLevel: Display: Destroying online subsystem :Context_1
[2020.03.30-16.18.45:243][159]LogSlate: Took 0.005162 seconds to synchronously load lazily loaded font '../../../Engine/Content/Editor/Slate/Fonts/FontAwesome.ttf' (139K)
[2020.03.30-16.18.45:272][159]LogSlate: Took 0.005415 seconds to synchronously load lazily loaded font '../../../Engine/Content/Slate/Fonts/Roboto-Light.ttf' (167K)
[2020.03.30-16.18.49:623][444]LogSlate: Took 0.000167 seconds to synchronously load lazily loaded font '../../../Engine/Content/Slate/Fonts/Roboto-Light.ttf' (167K)
[2020.03.30-16.18.49:637][444]LogAssetEditorSubsystem: Opening Asset editor for Blueprint /Game/Exam/DeadZone.DeadZone
[2020.03.30-16.18.49:825][444]LogContentBrowser: Native class hierarchy updated for 'BlueprintGraph' in 0.0006 seconds. Added 121 classes and 0 folders.
[2020.03.30-16.18.50:773][444]LogSlate: Took 0.000185 seconds to synchronously load lazily loaded font '../../../Engine/Content/Slate/Fonts/Roboto-BoldCondensed.ttf' (158K)
[2020.03.30-16.18.53:385][654]LogSlate: Window 'DeadZone' being destroyed
[2020.03.30-16.19.04:754][955]LogSlate: Took 0.000191 seconds to synchronously load lazily loaded font '../../../Engine/Content/Slate/Fonts/Roboto-Italic.ttf' (157K)
[2020.03.30-16.19.20:249][746]BlueprintLog: New page: Compile DeadZone
[2020.03.30-16.19.20:542][746]LogUObjectHash: Compacting FUObjectHashTables data took   3.66ms
[2020.03.30-16.19.20:979][790]Cmd: OBJ SAVEPACKAGE PACKAGE="/Game/Exam/DeadZone" FILE="../../../../../../Docs/Uni/3r/Motors/GitHubPractica/ExamenMotors/MotorsExam/Content/Exam/DeadZone.uasset" SILENT=true
[2020.03.30-16.19.21:010][790]LogSavePackage: Moving '../../../../../../Docs/Uni/3r/Motors/GitHubPractica/ExamenMotors/MotorsExam/Saved/DeadZoneF10373F54CB613662E094BAC1DEEBC69.tmp' to '../../../../../../Docs/Uni/3r/Motors/GitHubPractica/ExamenMotors/MotorsExam/Content/Exam/DeadZone.uasset'
[2020.03.30-16.19.21:030][790]AssetCheck: New page: Asset Save: DeadZone
[2020.03.30-16.19.21:030][790]LogContentValidation: Display: Validating Blueprint /Game/Exam/DeadZone.DeadZone
[2020.03.30-16.19.22:156][909]LogTemp: Repeating last play command: Selected Viewport
[2020.03.30-16.19.22:174][909]LogBlueprintUserMessages: Early PlayInEditor Detection: Level '/Game/ThirdPersonBP/Maps/ThirdPersonExampleMap.ThirdPersonExampleMap:PersistentLevel' has LevelScriptBlueprint '/Game/ThirdPersonBP/Maps/ThirdPersonExampleMap.ThirdPersonExampleMap:PersistentLevel.ThirdPersonExampleMap' with GeneratedClass '/Game/ThirdPersonBP/Maps/ThirdPersonExampleMap.ThirdPersonExampleMap_C' with ClassGeneratedBy '/Game/ThirdPersonBP/Maps/ThirdPersonExampleMap.ThirdPersonExampleMap:PersistentLevel.ThirdPersonExampleMap'
[2020.03.30-16.19.22:174][909]LogPlayLevel: PlayLevel: No blueprints needed recompiling
[2020.03.30-16.19.22:174][909]PIE: New page: PIE session: ThirdPersonExampleMap (Mar 30, 2020, 8:19:22 PM)
[2020.03.30-16.19.22:174][909]LogPlayLevel: Creating play world package: /Game/ThirdPersonBP/Maps/UEDPIE_0_ThirdPersonExampleMap
[2020.03.30-16.19.22:277][909]LogPlayLevel: PIE: StaticDuplicateObject took: (0.102589s)
[2020.03.30-16.19.22:278][909]LogAIModule: Creating AISystem for world ThirdPersonExampleMap
[2020.03.30-16.19.22:278][909]LogPlayLevel: PIE: World Init took: (0.001096s)
[2020.03.30-16.19.22:278][909]LogPlayLevel: PIE: Created PIE world by copying editor world from /Game/ThirdPersonBP/Maps/ThirdPersonExampleMap.ThirdPersonExampleMap to /Game/ThirdPersonBP/Maps/UEDPIE_0_ThirdPersonExampleMap.ThirdPersonExampleMap (0.103862s)
[2020.03.30-16.19.22:324][909]LogUObjectHash: Compacting FUObjectHashTables data took   3.57ms
[2020.03.30-16.19.22:327][909]LogAudioMixer: Display: Audio Mixer Platform Settings:
[2020.03.30-16.19.22:327][909]LogAudioMixer: Display: 	Sample Rate:						  48000
[2020.03.30-16.19.22:327][909]LogAudioMixer: Display: 	Callback Buffer Frame Size Requested: 1024
[2020.03.30-16.19.22:327][909]LogAudioMixer: Display: 	Callback Buffer Frame Size To Use:	  1024
[2020.03.30-16.19.22:327][909]LogAudioMixer: Display: 	Number of buffers to queue:			  2
[2020.03.30-16.19.22:327][909]LogAudioMixer: Display: 	Max Channels (voices):				  32
[2020.03.30-16.19.22:327][909]LogAudioMixer: Display: 	Number of Async Source Workers:		  0
[2020.03.30-16.19.22:327][909]LogAudio: Display: AudioDevice MaxSources: 32
[2020.03.30-16.19.22:327][909]LogAudio: Display: Using built-in audio occlusion.
[2020.03.30-16.19.22:327][909]LogAudioMixer: Display: Initializing audio mixer.
[2020.03.30-16.19.22:348][909]LogAudioMixer: Display: Audio Device Output Speaker Info:
[2020.03.30-16.19.22:348][909]LogAudioMixer: Display: Name: Auriculares (CORSAIR HS60 PRO SURROUND)
[2020.03.30-16.19.22:348][909]LogAudioMixer: Display: Is Default: Yes
[2020.03.30-16.19.22:348][909]LogAudioMixer: Display: Sample Rate: 48000
[2020.03.30-16.19.22:348][909]LogAudioMixer: Display: Channel Count Used: 2
[2020.03.30-16.19.22:348][909]LogAudioMixer: Display: Device Channel Count: 2
[2020.03.30-16.19.22:348][909]LogAudioMixer: Display: Channel Order:
[2020.03.30-16.19.22:348][909]LogAudioMixer: Display: 0: FrontLeft
[2020.03.30-16.19.22:348][909]LogAudioMixer: Display: 1: FrontRight
[2020.03.30-16.19.22:499][909]LogAudioMixer: Display: Using Audio Device Auriculares (CORSAIR HS60 PRO SURROUND)
[2020.03.30-16.19.22:500][909]LogInit: FAudioDevice initialized.
[2020.03.30-16.19.22:548][909]LogSlate: Updating window title bar state: overlay mode, drag disabled, window buttons hidden, title bar hidden
[2020.03.30-16.19.22:548][909]LogLoad: Game class is 'ThirdPersonGameMode_C'
[2020.03.30-16.19.22:564][909]LogWorld: Bringing World /Game/ThirdPersonBP/Maps/UEDPIE_0_ThirdPersonExampleMap.ThirdPersonExampleMap up for play (max tick rate 0) at 2020.03.30-18.19.22
[2020.03.30-16.19.22:566][909]LogWorld: Bringing up level for play took: 0.016614
[2020.03.30-16.19.22:566][909]LogOnline: OSS: Creating online subsystem instance for: :Context_7
[2020.03.30-16.19.22:570][909]PIE: Play in editor start time for /Game/ThirdPersonBP/Maps/UEDPIE_0_ThirdPersonExampleMap -0.3
[2020.03.30-16.19.22:571][909]LogBlueprintUserMessages: Late PlayInEditor Detection: Level '/Game/ThirdPersonBP/Maps/ThirdPersonExampleMap.ThirdPersonExampleMap:PersistentLevel' has LevelScriptBlueprint '/Game/ThirdPersonBP/Maps/ThirdPersonExampleMap.ThirdPersonExampleMap:PersistentLevel.ThirdPersonExampleMap' with GeneratedClass '/Game/ThirdPersonBP/Maps/ThirdPersonExampleMap.ThirdPersonExampleMap_C' with ClassGeneratedBy '/Game/ThirdPersonBP/Maps/ThirdPersonExampleMap.ThirdPersonExampleMap:PersistentLevel.ThirdPersonExampleMap'
[2020.03.30-16.19.22:629][910]LogRenderer: Reallocating scene render targets to support 1280x720 Format 10 NumSamples 1 (Frame:1).
[2020.03.30-16.19.29:149][235]LogBlueprintUserMessages: [DeadZone_2] The player has died
[2020.03.30-16.19.30:869][380]LogBlueprintUserMessages: [DeadZone_2] The player has died
[2020.03.30-16.19.32:033][486]LogBlueprintUserMessages: [DeadZone_2] The player has died
[2020.03.30-16.19.33:090][585]LogBlueprintUserMessages: [DeadZone_2] The player has died
[2020.03.30-16.19.33:806][643]LogAudioMixer: Display: No commands were queued while flushing the source manager.
[2020.03.30-16.19.33:807][643]LogAudioMixer: Display: Flush succeeded in the source manager command queue (1).
[2020.03.30-16.19.33:826][643]LogAudioMixer: Display: Flush succeeded the source manager command queue (2).
[2020.03.30-16.19.33:826][643]LogBlueprintUserMessages: Early EndPlayMap Detection: Level '/Game/ThirdPersonBP/Maps/ThirdPersonExampleMap.ThirdPersonExampleMap:PersistentLevel' has LevelScriptBlueprint '/Game/ThirdPersonBP/Maps/ThirdPersonExampleMap.ThirdPersonExampleMap:PersistentLevel.ThirdPersonExampleMap' with GeneratedClass '/Game/ThirdPersonBP/Maps/ThirdPersonExampleMap.ThirdPersonExampleMap_C' with ClassGeneratedBy '/Game/ThirdPersonBP/Maps/ThirdPersonExampleMap.ThirdPersonExampleMap:PersistentLevel.ThirdPersonExampleMap'
[2020.03.30-16.19.33:827][643]LogSlate: Updating window title bar state: overlay mode, drag disabled, window buttons hidden, title bar hidden
[2020.03.30-16.19.33:827][643]LogWorld: BeginTearingDown for /Game/ThirdPersonBP/Maps/UEDPIE_0_ThirdPersonExampleMap
[2020.03.30-16.19.33:845][643]LogSlate: Window 'MotorsExam Game Preview Standalone (64-bit/PCD3D_SM5)' being destroyed
[2020.03.30-16.19.33:850][643]LogAudioMixer: Display: No commands were queued while flushing the source manager.
[2020.03.30-16.19.33:851][643]LogWorld: UWorld::CleanupWorld for ThirdPersonExampleMap, bSessionEnded=true, bCleanupResources=true
[2020.03.30-16.19.33:857][643]LogSlate: InvalidateAllWidgets triggered.  All widgets were invalidated
[2020.03.30-16.19.33:865][643]LogPlayLevel: Display: Shutting down PIE online subsystems
[2020.03.30-16.19.33:865][643]LogBlueprintUserMessages: Late EndPlayMap Detection: Level '/Game/ThirdPersonBP/Maps/ThirdPersonExampleMap.ThirdPersonExampleMap:PersistentLevel' has LevelScriptBlueprint '/Game/ThirdPersonBP/Maps/ThirdPersonExampleMap.ThirdPersonExampleMap:PersistentLevel.ThirdPersonExampleMap' with GeneratedClass '/Game/ThirdPersonBP/Maps/ThirdPersonExampleMap.ThirdPersonExampleMap_C' with ClassGeneratedBy '/Game/ThirdPersonBP/Maps/ThirdPersonExampleMap.ThirdPersonExampleMap:PersistentLevel.ThirdPersonExampleMap'
[2020.03.30-16.19.33:871][643]LogSlate: InvalidateAllWidgets triggered.  All widgets were invalidated
[2020.03.30-16.19.33:914][643]LogAudioMixer: Display: No commands were queued while flushing the source manager.
[2020.03.30-16.19.33:922][643]LogUObjectHash: Compacting FUObjectHashTables data took   2.97ms
[2020.03.30-16.19.33:952][644]LogPlayLevel: Display: Destroying online subsystem :Context_7
[2020.03.30-16.19.40:707][941]LogTemp: Repeating last play command: Selected Viewport
[2020.03.30-16.19.40:725][941]LogBlueprintUserMessages: Early PlayInEditor Detection: Level '/Game/ThirdPersonBP/Maps/ThirdPersonExampleMap.ThirdPersonExampleMap:PersistentLevel' has LevelScriptBlueprint '/Game/ThirdPersonBP/Maps/ThirdPersonExampleMap.ThirdPersonExampleMap:PersistentLevel.ThirdPersonExampleMap' with GeneratedClass '/Game/ThirdPersonBP/Maps/ThirdPersonExampleMap.ThirdPersonExampleMap_C' with ClassGeneratedBy '/Game/ThirdPersonBP/Maps/ThirdPersonExampleMap.ThirdPersonExampleMap:PersistentLevel.ThirdPersonExampleMap'
[2020.03.30-16.19.40:725][941]LogPlayLevel: PlayLevel: No blueprints needed recompiling
[2020.03.30-16.19.40:725][941]PIE: New page: PIE session: ThirdPersonExampleMap (Mar 30, 2020, 8:19:40 PM)
[2020.03.30-16.19.40:725][941]LogPlayLevel: Creating play world package: /Game/ThirdPersonBP/Maps/UEDPIE_0_ThirdPersonExampleMap
[2020.03.30-16.19.40:838][941]LogPlayLevel: PIE: StaticDuplicateObject took: (0.112927s)
[2020.03.30-16.19.40:839][941]LogAIModule: Creating AISystem for world ThirdPersonExampleMap
[2020.03.30-16.19.40:840][941]LogPlayLevel: PIE: World Init took: (0.001658s)
[2020.03.30-16.19.40:840][941]LogPlayLevel: PIE: Created PIE world by copying editor world from /Game/ThirdPersonBP/Maps/ThirdPersonExampleMap.ThirdPersonExampleMap to /Game/ThirdPersonBP/Maps/UEDPIE_0_ThirdPersonExampleMap.ThirdPersonExampleMap (0.114769s)
[2020.03.30-16.19.40:885][941]LogUObjectHash: Compacting FUObjectHashTables data took   2.88ms
[2020.03.30-16.19.40:887][941]LogAudioMixer: Display: Audio Mixer Platform Settings:
[2020.03.30-16.19.40:887][941]LogAudioMixer: Display: 	Sample Rate:						  48000
[2020.03.30-16.19.40:887][941]LogAudioMixer: Display: 	Callback Buffer Frame Size Requested: 1024
[2020.03.30-16.19.40:887][941]LogAudioMixer: Display: 	Callback Buffer Frame Size To Use:	  1024
[2020.03.30-16.19.40:887][941]LogAudioMixer: Display: 	Number of buffers to queue:			  2
[2020.03.30-16.19.40:887][941]LogAudioMixer: Display: 	Max Channels (voices):				  32
[2020.03.30-16.19.40:887][941]LogAudioMixer: Display: 	Number of Async Source Workers:		  0
[2020.03.30-16.19.40:887][941]LogAudio: Display: AudioDevice MaxSources: 32
[2020.03.30-16.19.40:887][941]LogAudio: Display: Using built-in audio occlusion.
[2020.03.30-16.19.40:887][941]LogAudioMixer: Display: Initializing audio mixer.
[2020.03.30-16.19.40:910][941]LogAudioMixer: Display: Audio Device Output Speaker Info:
[2020.03.30-16.19.40:910][941]LogAudioMixer: Display: Name: Auriculares (CORSAIR HS60 PRO SURROUND)
[2020.03.30-16.19.40:910][941]LogAudioMixer: Display: Is Default: Yes
[2020.03.30-16.19.40:910][941]LogAudioMixer: Display: Sample Rate: 48000
[2020.03.30-16.19.40:910][941]LogAudioMixer: Display: Channel Count Used: 2
[2020.03.30-16.19.40:910][941]LogAudioMixer: Display: Device Channel Count: 2
[2020.03.30-16.19.40:910][941]LogAudioMixer: Display: Channel Order:
[2020.03.30-16.19.40:910][941]LogAudioMixer: Display: 0: FrontLeft
[2020.03.30-16.19.40:910][941]LogAudioMixer: Display: 1: FrontRight
[2020.03.30-16.19.41:061][941]LogAudioMixer: Display: Using Audio Device Auriculares (CORSAIR HS60 PRO SURROUND)
[2020.03.30-16.19.41:064][941]LogInit: FAudioDevice initialized.
[2020.03.30-16.19.41:073][941]LogLoad: Game class is 'ThirdPersonGameMode_C'
[2020.03.30-16.19.41:087][941]LogWorld: Bringing World /Game/ThirdPersonBP/Maps/UEDPIE_0_ThirdPersonExampleMap.ThirdPersonExampleMap up for play (max tick rate 0) at 2020.03.30-18.19.41
[2020.03.30-16.19.41:089][941]LogWorld: Bringing up level for play took: 0.014792
[2020.03.30-16.19.41:089][941]LogOnline: OSS: Creating online subsystem instance for: :Context_8
[2020.03.30-16.19.41:092][941]PIE: Play in editor start time for /Game/ThirdPersonBP/Maps/UEDPIE_0_ThirdPersonExampleMap 0.221
[2020.03.30-16.19.41:092][941]LogBlueprintUserMessages: Late PlayInEditor Detection: Level '/Game/ThirdPersonBP/Maps/ThirdPersonExampleMap.ThirdPersonExampleMap:PersistentLevel' has LevelScriptBlueprint '/Game/ThirdPersonBP/Maps/ThirdPersonExampleMap.ThirdPersonExampleMap:PersistentLevel.ThirdPersonExampleMap' with GeneratedClass '/Game/ThirdPersonBP/Maps/ThirdPersonExampleMap.ThirdPersonExampleMap_C' with ClassGeneratedBy '/Game/ThirdPersonBP/Maps/ThirdPersonExampleMap.ThirdPersonExampleMap:PersistentLevel.ThirdPersonExampleMap'
[2020.03.30-16.20.18:503][157]LogBlueprintUserMessages: [DeadZone_2] The player has died
[2020.03.30-16.20.27:124][888]LogNet: Browse: /Game/ThirdPersonBP/Maps/ThirdPersonExampleMap
[2020.03.30-16.20.27:125][888]LogLoad: LoadMap: /Game/ThirdPersonBP/Maps/ThirdPersonExampleMap
[2020.03.30-16.20.27:125][888]LogWorld: BeginTearingDown for /Game/ThirdPersonBP/Maps/UEDPIE_0_ThirdPersonExampleMap
[2020.03.30-16.20.27:125][888]LogWorld: UWorld::CleanupWorld for ThirdPersonExampleMap, bSessionEnded=true, bCleanupResources=true
[2020.03.30-16.20.27:132][888]LogSlate: InvalidateAllWidgets triggered.  All widgets were invalidated
[2020.03.30-16.20.27:132][888]LogAudioMixer: Display: No commands were queued while flushing the source manager.
[2020.03.30-16.20.27:177][888]LogUObjectHash: Compacting FUObjectHashTables data took   2.96ms
[2020.03.30-16.20.27:180][888]LogPlayLevel: Creating play world package: /Game/ThirdPersonBP/Maps/UEDPIE_0_ThirdPersonExampleMap
[2020.03.30-16.20.27:286][888]LogPlayLevel: PIE: StaticDuplicateObject took: (0.105918s)
[2020.03.30-16.20.27:287][888]LogAIModule: Creating AISystem for world ThirdPersonExampleMap
[2020.03.30-16.20.27:287][888]LogPlayLevel: PIE: World Init took: (0.001233s)
[2020.03.30-16.20.27:287][888]LogPlayLevel: PIE: Created PIE world by copying editor world from /Game/ThirdPersonBP/Maps/ThirdPersonExampleMap.ThirdPersonExampleMap to /Game/ThirdPersonBP/Maps/UEDPIE_0_ThirdPersonExampleMap.ThirdPersonExampleMap (0.107361s)
[2020.03.30-16.20.27:287][888]LogLoad: Game class is 'ThirdPersonGameMode_C'
[2020.03.30-16.20.27:319][888]LogWorld: Bringing World /Game/ThirdPersonBP/Maps/UEDPIE_0_ThirdPersonExampleMap.ThirdPersonExampleMap up for play (max tick rate 0) at 2020.03.30-18.20.27
[2020.03.30-16.20.27:320][888]LogWorld: Bringing up level for play took: 0.032569
[2020.03.30-16.20.27:322][888]LogLoad: Took 0.198079 seconds to LoadMap(/Game/ThirdPersonBP/Maps/UEDPIE_0_ThirdPersonExampleMap)
[2020.03.30-16.20.55:108][149]LogNet: Browse: /Game/ThirdPersonBP/Maps/ThirdPersonExampleMap
[2020.03.30-16.20.55:108][149]LogLoad: LoadMap: /Game/ThirdPersonBP/Maps/ThirdPersonExampleMap
[2020.03.30-16.20.55:108][149]LogWorld: BeginTearingDown for /Game/ThirdPersonBP/Maps/UEDPIE_0_ThirdPersonExampleMap
[2020.03.30-16.20.55:109][149]LogWorld: UWorld::CleanupWorld for ThirdPersonExampleMap, bSessionEnded=true, bCleanupResources=true
[2020.03.30-16.20.55:118][149]LogSlate: InvalidateAllWidgets triggered.  All widgets were invalidated
[2020.03.30-16.20.55:136][149]LogAudioMixer: Display: Flush succeeded in the source manager command queue (1).
[2020.03.30-16.20.55:166][149]LogAudioMixer: Display: Flush succeeded the source manager command queue (2).
[2020.03.30-16.20.55:212][149]LogUObjectHash: Compacting FUObjectHashTables data took   2.56ms
[2020.03.30-16.20.55:216][149]LogPlayLevel: Creating play world package: /Game/ThirdPersonBP/Maps/UEDPIE_0_ThirdPersonExampleMap
[2020.03.30-16.20.55:321][149]LogPlayLevel: PIE: StaticDuplicateObject took: (0.105317s)
[2020.03.30-16.20.55:322][149]LogAIModule: Creating AISystem for world ThirdPersonExampleMap
[2020.03.30-16.20.55:323][149]LogPlayLevel: PIE: World Init took: (0.001642s)
[2020.03.30-16.20.55:323][149]LogPlayLevel: PIE: Created PIE world by copying editor world from /Game/ThirdPersonBP/Maps/ThirdPersonExampleMap.ThirdPersonExampleMap to /Game/ThirdPersonBP/Maps/UEDPIE_0_ThirdPersonExampleMap.ThirdPersonExampleMap (0.107254s)
[2020.03.30-16.20.55:323][149]LogLoad: Game class is 'ThirdPersonGameMode_C'
[2020.03.30-16.20.55:352][149]LogWorld: Bringing World /Game/ThirdPersonBP/Maps/UEDPIE_0_ThirdPersonExampleMap.ThirdPersonExampleMap up for play (max tick rate 0) at 2020.03.30-18.20.55
[2020.03.30-16.20.55:354][149]LogWorld: Bringing up level for play took: 0.030149
[2020.03.30-16.20.55:355][149]LogLoad: Took 0.247292 seconds to LoadMap(/Game/ThirdPersonBP/Maps/UEDPIE_0_ThirdPersonExampleMap)
[2020.03.30-16.21.03:315][600]LogNet: Browse: /Game/ThirdPersonBP/Maps/ThirdPersonExampleMap
[2020.03.30-16.21.03:315][600]LogLoad: LoadMap: /Game/ThirdPersonBP/Maps/ThirdPersonExampleMap
[2020.03.30-16.21.03:315][600]LogWorld: BeginTearingDown for /Game/ThirdPersonBP/Maps/UEDPIE_0_ThirdPersonExampleMap
[2020.03.30-16.21.03:316][600]LogWorld: UWorld::CleanupWorld for ThirdPersonExampleMap, bSessionEnded=true, bCleanupResources=true
[2020.03.30-16.21.03:323][600]LogSlate: InvalidateAllWidgets triggered.  All widgets were invalidated
[2020.03.30-16.21.03:338][600]LogAudioMixer: Display: Flush succeeded in the source manager command queue (1).
[2020.03.30-16.21.03:357][600]LogAudioMixer: Display: Flush succeeded the source manager command queue (2).
[2020.03.30-16.21.03:402][600]LogUObjectHash: Compacting FUObjectHashTables data took   3.44ms
[2020.03.30-16.21.03:406][600]LogPlayLevel: Creating play world package: /Game/ThirdPersonBP/Maps/UEDPIE_0_ThirdPersonExampleMap
[2020.03.30-16.21.03:509][600]LogPlayLevel: PIE: StaticDuplicateObject took: (0.103119s)
[2020.03.30-16.21.03:510][600]LogAIModule: Creating AISystem for world ThirdPersonExampleMap
[2020.03.30-16.21.03:510][600]LogPlayLevel: PIE: World Init took: (0.001204s)
[2020.03.30-16.21.03:510][600]LogPlayLevel: PIE: Created PIE world by copying editor world from /Game/ThirdPersonBP/Maps/ThirdPersonExampleMap.ThirdPersonExampleMap to /Game/ThirdPersonBP/Maps/UEDPIE_0_ThirdPersonExampleMap.ThirdPersonExampleMap (0.104519s)
[2020.03.30-16.21.03:510][600]LogLoad: Game class is 'ThirdPersonGameMode_C'
[2020.03.30-16.21.03:534][600]LogWorld: Bringing World /Game/ThirdPersonBP/Maps/UEDPIE_0_ThirdPersonExampleMap.ThirdPersonExampleMap up for play (max tick rate 0) at 2020.03.30-18.21.03
[2020.03.30-16.21.03:536][600]LogWorld: Bringing up level for play took: 0.025025
[2020.03.30-16.21.03:539][600]LogLoad: Took 0.223287 seconds to LoadMap(/Game/ThirdPersonBP/Maps/UEDPIE_0_ThirdPersonExampleMap)
[2020.03.30-16.21.09:077][856]LogNet: Browse: /Game/ThirdPersonBP/Maps/ThirdPersonExampleMap
[2020.03.30-16.21.09:077][856]LogLoad: LoadMap: /Game/ThirdPersonBP/Maps/ThirdPersonExampleMap
[2020.03.30-16.21.09:077][856]LogWorld: BeginTearingDown for /Game/ThirdPersonBP/Maps/UEDPIE_0_ThirdPersonExampleMap
[2020.03.30-16.21.09:077][856]LogWorld: UWorld::CleanupWorld for ThirdPersonExampleMap, bSessionEnded=true, bCleanupResources=true
[2020.03.30-16.21.09:086][856]LogSlate: InvalidateAllWidgets triggered.  All widgets were invalidated
[2020.03.30-16.21.09:086][856]LogAudioMixer: Display: No commands were queued while flushing the source manager.
[2020.03.30-16.21.09:130][856]LogUObjectHash: Compacting FUObjectHashTables data took   2.56ms
[2020.03.30-16.21.09:132][856]LogPlayLevel: Creating play world package: /Game/ThirdPersonBP/Maps/UEDPIE_0_ThirdPersonExampleMap
[2020.03.30-16.21.09:238][856]LogPlayLevel: PIE: StaticDuplicateObject took: (0.105546s)
[2020.03.30-16.21.09:239][856]LogAIModule: Creating AISystem for world ThirdPersonExampleMap
[2020.03.30-16.21.09:240][856]LogPlayLevel: PIE: World Init took: (0.001279s)
[2020.03.30-16.21.09:240][856]LogPlayLevel: PIE: Created PIE world by copying editor world from /Game/ThirdPersonBP/Maps/ThirdPersonExampleMap.ThirdPersonExampleMap to /Game/ThirdPersonBP/Maps/UEDPIE_0_ThirdPersonExampleMap.ThirdPersonExampleMap (0.107105s)
[2020.03.30-16.21.09:240][856]LogLoad: Game class is 'ThirdPersonGameMode_C'
[2020.03.30-16.21.09:265][856]LogWorld: Bringing World /Game/ThirdPersonBP/Maps/UEDPIE_0_ThirdPersonExampleMap.ThirdPersonExampleMap up for play (max tick rate 0) at 2020.03.30-18.21.09
[2020.03.30-16.21.09:266][856]LogWorld: Bringing up level for play took: 0.025917
[2020.03.30-16.21.09:268][856]LogLoad: Took 0.191036 seconds to LoadMap(/Game/ThirdPersonBP/Maps/UEDPIE_0_ThirdPersonExampleMap)
[2020.03.30-16.21.24:114][863]LogAudioMixer: Display: No commands were queued while flushing the source manager.
[2020.03.30-16.21.24:139][863]LogAudioMixer: Display: Flush succeeded in the source manager command queue (1).
[2020.03.30-16.21.24:159][863]LogAudioMixer: Display: Flush succeeded the source manager command queue (2).
[2020.03.30-16.21.24:159][863]LogBlueprintUserMessages: Early EndPlayMap Detection: Level '/Game/ThirdPersonBP/Maps/ThirdPersonExampleMap.ThirdPersonExampleMap:PersistentLevel' has LevelScriptBlueprint '/Game/ThirdPersonBP/Maps/ThirdPersonExampleMap.ThirdPersonExampleMap:PersistentLevel.ThirdPersonExampleMap' with GeneratedClass '/Game/ThirdPersonBP/Maps/ThirdPersonExampleMap.ThirdPersonExampleMap_C' with ClassGeneratedBy '/Game/ThirdPersonBP/Maps/ThirdPersonExampleMap.ThirdPersonExampleMap:PersistentLevel.ThirdPersonExampleMap'
[2020.03.30-16.21.24:159][863]LogSlate: Updating window title bar state: overlay mode, drag disabled, window buttons hidden, title bar hidden
[2020.03.30-16.21.24:159][863]LogWorld: BeginTearingDown for /Game/ThirdPersonBP/Maps/UEDPIE_0_ThirdPersonExampleMap
[2020.03.30-16.21.24:160][863]LogAudioMixer: Display: No commands were queued while flushing the source manager.
[2020.03.30-16.21.24:160][863]LogWorld: UWorld::CleanupWorld for ThirdPersonExampleMap, bSessionEnded=true, bCleanupResources=true
[2020.03.30-16.21.24:165][863]LogSlate: InvalidateAllWidgets triggered.  All widgets were invalidated
[2020.03.30-16.21.24:175][863]LogPlayLevel: Display: Shutting down PIE online subsystems
[2020.03.30-16.21.24:175][863]LogBlueprintUserMessages: Late EndPlayMap Detection: Level '/Game/ThirdPersonBP/Maps/ThirdPersonExampleMap.ThirdPersonExampleMap:PersistentLevel' has LevelScriptBlueprint '/Game/ThirdPersonBP/Maps/ThirdPersonExampleMap.ThirdPersonExampleMap:PersistentLevel.ThirdPersonExampleMap' with GeneratedClass '/Game/ThirdPersonBP/Maps/ThirdPersonExampleMap.ThirdPersonExampleMap_C' with ClassGeneratedBy '/Game/ThirdPersonBP/Maps/ThirdPersonExampleMap.ThirdPersonExampleMap:PersistentLevel.ThirdPersonExampleMap'
[2020.03.30-16.21.24:180][863]LogSlate: InvalidateAllWidgets triggered.  All widgets were invalidated
[2020.03.30-16.21.24:223][863]LogAudioMixer: Display: No commands were queued while flushing the source manager.
[2020.03.30-16.21.24:226][863]LogSlate: Updating window title bar state: overlay mode, drag disabled, window buttons hidden, title bar hidden
[2020.03.30-16.21.24:231][863]LogUObjectHash: Compacting FUObjectHashTables data took   2.62ms
[2020.03.30-16.21.24:257][864]LogPlayLevel: Display: Destroying online subsystem :Context_8
